{
 "/Users/ckho/GitHub/icare_email/src/js/converter/declarations.js": {
  "path": "/Users/ckho/GitHub/icare_email/src/js/converter/declarations.js",
  "s": {
   "1": 1,
   "2": 1,
   "3": 1,
   "4": 1,
   "5": 1,
   "6": 1175,
   "7": 7657,
   "8": 290,
   "9": 885,
   "10": 1,
   "11": 1161,
   "12": 596,
   "13": 1,
   "14": 999,
   "15": 7,
   "16": 7,
   "17": 7,
   "18": 7,
   "19": 5,
   "20": 2,
   "21": 7,
   "22": 7,
   "23": 7,
   "24": 0,
   "25": 7,
   "26": 992,
   "27": 1,
   "28": 363,
   "29": 363,
   "30": 363,
   "31": 363,
   "32": 273,
   "33": 273,
   "34": 273,
   "35": 363,
   "36": 1211,
   "37": 1210,
   "38": 33,
   "39": 32,
   "40": 33,
   "41": 1177,
   "42": 1177,
   "43": 468,
   "44": 203,
   "45": 468,
   "46": 468,
   "47": 468,
   "48": 468,
   "49": 468,
   "50": 468,
   "51": 468,
   "52": 468,
   "53": 12,
   "54": 12,
   "55": 12,
   "56": 0,
   "57": 456,
   "58": 2,
   "59": 454,
   "60": 454,
   "61": 454,
   "62": 175,
   "63": 175,
   "64": 175,
   "65": 279,
   "66": 276,
   "67": 276,
   "68": 267,
   "69": 276,
   "70": 3,
   "71": 3,
   "72": 3,
   "73": 2,
   "74": 1,
   "75": 0,
   "76": 0,
   "77": 0,
   "78": 0,
   "79": 0,
   "80": 454,
   "81": 2,
   "82": 2,
   "83": 452,
   "84": 452,
   "85": 452,
   "86": 452,
   "87": 4,
   "88": 4,
   "89": 448,
   "90": 300,
   "91": 448,
   "92": 47,
   "93": 47,
   "94": 47,
   "95": 47,
   "96": 448,
   "97": 448,
   "98": 448,
   "99": 440,
   "100": 440,
   "101": 8,
   "102": 1,
   "103": 447,
   "104": 11,
   "105": 11,
   "106": 8,
   "107": 3,
   "108": 3,
   "109": 444,
   "110": 394,
   "111": 50,
   "112": 456,
   "113": 444,
   "114": 444,
   "115": 397,
   "116": 47,
   "117": 47,
   "118": 37,
   "119": 47,
   "120": 0,
   "121": 0,
   "122": 709,
   "123": 709,
   "124": 3,
   "125": 0,
   "126": 3,
   "127": 3,
   "128": 3,
   "129": 0,
   "130": 0,
   "131": 709,
   "132": 709,
   "133": 709,
   "134": 709,
   "135": 709,
   "136": 296,
   "137": 296,
   "138": 709,
   "139": 261,
   "140": 261,
   "141": 448,
   "142": 351,
   "143": 244,
   "144": 0,
   "145": 0,
   "146": 0,
   "147": 244,
   "148": 244,
   "149": 244,
   "150": 244,
   "151": 351,
   "152": 5,
   "153": 5,
   "154": 1,
   "155": 1,
   "156": 1,
   "157": 5,
   "158": 4,
   "159": 1,
   "160": 1,
   "161": 1,
   "162": 1,
   "163": 5,
   "164": 346,
   "165": 1,
   "166": 404,
   "167": 404,
   "168": 572,
   "169": 572,
   "170": 155,
   "171": 417,
   "172": 404,
   "173": 1
  },
  "b": {
   "1": [
    290,
    7367
   ],
   "2": [
    7657,
    7654
   ],
   "3": [
    7,
    992
   ],
   "4": [
    5,
    2
   ],
   "5": [
    7,
    4
   ],
   "6": [
    7,
    0
   ],
   "7": [
    17,
    346
   ],
   "8": [
    363,
    17
   ],
   "9": [
    273,
    90
   ],
   "10": [
    1210,
    1
   ],
   "11": [
    33,
    1177
   ],
   "12": [
    1210,
    92,
    35
   ],
   "13": [
    32,
    1
   ],
   "14": [
    468,
    709
   ],
   "15": [
    203,
    265
   ],
   "16": [
    468,
    215
   ],
   "17": [
    468,
    460
   ],
   "18": [
    12,
    456
   ],
   "19": [
    0,
    12
   ],
   "20": [
    2,
    454
   ],
   "21": [
    456,
    280,
    180,
    3
   ],
   "22": [
    175,
    279
   ],
   "23": [
    276,
    3
   ],
   "24": [
    267,
    9
   ],
   "25": [
    3,
    0
   ],
   "26": [
    2,
    1
   ],
   "27": [
    0,
    0
   ],
   "28": [
    0,
    0
   ],
   "29": [
    2,
    452
   ],
   "30": [
    454,
    269
   ],
   "31": [
    300,
    148
   ],
   "32": [
    448,
    445
   ],
   "33": [
    47,
    401
   ],
   "34": [
    448,
    175
   ],
   "35": [
    47,
    0
   ],
   "36": [
    47,
    47
   ],
   "37": [
    440,
    8
   ],
   "38": [
    1,
    7
   ],
   "39": [
    11,
    436
   ],
   "40": [
    4,
    4
   ],
   "41": [
    394,
    50
   ],
   "42": [
    444,
    12
   ],
   "43": [
    397,
    47
   ],
   "44": [
    444,
    397
   ],
   "45": [
    37,
    10
   ],
   "46": [
    3,
    706
   ],
   "47": [
    0,
    3
   ],
   "48": [
    3,
    0
   ],
   "49": [
    3,
    0
   ],
   "50": [
    430,
    279
   ],
   "51": [
    296,
    413
   ],
   "52": [
    261,
    448
   ],
   "53": [
    244,
    107
   ],
   "54": [
    351,
    244
   ],
   "55": [
    0,
    0
   ],
   "56": [
    0,
    244
   ],
   "57": [
    5,
    346
   ],
   "58": [
    1,
    0
   ],
   "59": [
    4,
    1
   ],
   "60": [
    1,
    0
   ],
   "61": [
    572,
    0
   ],
   "62": [
    155,
    417
   ]
  },
  "f": {
   "1": 1175,
   "2": 1161,
   "3": 596,
   "4": 999,
   "5": 7,
   "6": 363,
   "7": 404
  },
  "fnMap": {
   "1": {
    "name": "(anonymous_1)",
    "line": 12,
    "loc": {
     "start": {
      "line": 12,
      "column": 30
     },
     "end": {
      "line": 12,
      "column": 89
     }
    }
   },
   "2": {
    "name": "(anonymous_2)",
    "line": 21,
    "loc": {
     "start": {
      "line": 21,
      "column": 23
     },
     "end": {
      "line": 21,
      "column": 42
     }
    }
   },
   "3": {
    "name": "(anonymous_3)",
    "line": 22,
    "loc": {
     "start": {
      "line": 22,
      "column": 39
     },
     "end": {
      "line": 22,
      "column": 76
     }
    }
   },
   "4": {
    "name": "(anonymous_4)",
    "line": 27,
    "loc": {
     "start": {
      "line": 27,
      "column": 35
     },
     "end": {
      "line": 27,
      "column": 73
     }
    }
   },
   "5": {
    "name": "(anonymous_5)",
    "line": 29,
    "loc": {
     "start": {
      "line": 29,
      "column": 57
     },
     "end": {
      "line": 29,
      "column": 97
     }
    }
   },
   "6": {
    "name": "(anonymous_6)",
    "line": 50,
    "loc": {
     "start": {
      "line": 50,
      "column": 28
     },
     "end": {
      "line": 50,
      "column": 140
     }
    }
   },
   "7": {
    "name": "(anonymous_7)",
    "line": 269,
    "loc": {
     "start": {
      "line": 269,
      "column": 25
     },
     "end": {
      "line": 269,
      "column": 39
     }
    }
   }
  },
  "statementMap": {
   "1": {
    "start": {
     "line": 7,
     "column": 0
    },
    "end": {
     "line": 7,
     "column": 43
    }
   },
   "2": {
    "start": {
     "line": 8,
     "column": 0
    },
    "end": {
     "line": 8,
     "column": 47
    }
   },
   "3": {
    "start": {
     "line": 9,
     "column": 0
    },
    "end": {
     "line": 9,
     "column": 33
    }
   },
   "4": {
    "start": {
     "line": 10,
     "column": 0
    },
    "end": {
     "line": 10,
     "column": 40
    }
   },
   "5": {
    "start": {
     "line": 12,
     "column": 0
    },
    "end": {
     "line": 19,
     "column": 2
    }
   },
   "6": {
    "start": {
     "line": 13,
     "column": 2
    },
    "end": {
     "line": 17,
     "column": 3
    }
   },
   "7": {
    "start": {
     "line": 14,
     "column": 4
    },
    "end": {
     "line": 16,
     "column": 5
    }
   },
   "8": {
    "start": {
     "line": 15,
     "column": 6
    },
    "end": {
     "line": 15,
     "column": 87
    }
   },
   "9": {
    "start": {
     "line": 18,
     "column": 2
    },
    "end": {
     "line": 18,
     "column": 14
    }
   },
   "10": {
    "start": {
     "line": 21,
     "column": 0
    },
    "end": {
     "line": 25,
     "column": 2
    }
   },
   "11": {
    "start": {
     "line": 22,
     "column": 2
    },
    "end": {
     "line": 24,
     "column": 5
    }
   },
   "12": {
    "start": {
     "line": 23,
     "column": 4
    },
    "end": {
     "line": 23,
     "column": 34
    }
   },
   "13": {
    "start": {
     "line": 27,
     "column": 0
    },
    "end": {
     "line": 48,
     "column": 2
    }
   },
   "14": {
    "start": {
     "line": 28,
     "column": 2
    },
    "end": {
     "line": 47,
     "column": 3
    }
   },
   "15": {
    "start": {
     "line": 29,
     "column": 4
    },
    "end": {
     "line": 43,
     "column": 7
    }
   },
   "16": {
    "start": {
     "line": 30,
     "column": 6
    },
    "end": {
     "line": 30,
     "column": 31
    }
   },
   "17": {
    "start": {
     "line": 31,
     "column": 6
    },
    "end": {
     "line": 31,
     "column": 39
    }
   },
   "18": {
    "start": {
     "line": 32,
     "column": 6
    },
    "end": {
     "line": 36,
     "column": 7
    }
   },
   "19": {
    "start": {
     "line": 33,
     "column": 8
    },
    "end": {
     "line": 33,
     "column": 56
    }
   },
   "20": {
    "start": {
     "line": 35,
     "column": 8
    },
    "end": {
     "line": 35,
     "column": 19
    }
   },
   "21": {
    "start": {
     "line": 37,
     "column": 6
    },
    "end": {
     "line": 37,
     "column": 49
    }
   },
   "22": {
    "start": {
     "line": 38,
     "column": 6
    },
    "end": {
     "line": 42,
     "column": 7
    }
   },
   "23": {
    "start": {
     "line": 39,
     "column": 8
    },
    "end": {
     "line": 39,
     "column": 57
    }
   },
   "24": {
    "start": {
     "line": 41,
     "column": 8
    },
    "end": {
     "line": 41,
     "column": 23
    }
   },
   "25": {
    "start": {
     "line": 44,
     "column": 4
    },
    "end": {
     "line": 44,
     "column": 20
    }
   },
   "26": {
    "start": {
     "line": 46,
     "column": 4
    },
    "end": {
     "line": 46,
     "column": 17
    }
   },
   "27": {
    "start": {
     "line": 50,
     "column": 0
    },
    "end": {
     "line": 267,
     "column": 2
    }
   },
   "28": {
    "start": {
     "line": 51,
     "column": 2
    },
    "end": {
     "line": 51,
     "column": 100
    }
   },
   "29": {
    "start": {
     "line": 52,
     "column": 2
    },
    "end": {
     "line": 52,
     "column": 22
    }
   },
   "30": {
    "start": {
     "line": 53,
     "column": 2
    },
    "end": {
     "line": 53,
     "column": 20
    }
   },
   "31": {
    "start": {
     "line": 54,
     "column": 2
    },
    "end": {
     "line": 61,
     "column": 3
    }
   },
   "32": {
    "start": {
     "line": 55,
     "column": 4
    },
    "end": {
     "line": 58,
     "column": 7
    }
   },
   "33": {
    "start": {
     "line": 59,
     "column": 4
    },
    "end": {
     "line": 59,
     "column": 63
    }
   },
   "34": {
    "start": {
     "line": 60,
     "column": 4
    },
    "end": {
     "line": 60,
     "column": 18
    }
   },
   "35": {
    "start": {
     "line": 62,
     "column": 2
    },
    "end": {
     "line": 229,
     "column": 5
    }
   },
   "36": {
    "start": {
     "line": 63,
     "column": 4
    },
    "end": {
     "line": 229,
     "column": 5
    }
   },
   "37": {
    "start": {
     "line": 64,
     "column": 6
    },
    "end": {
     "line": 228,
     "column": 7
    }
   },
   "38": {
    "start": {
     "line": 65,
     "column": 8
    },
    "end": {
     "line": 65,
     "column": 48
    }
   },
   "39": {
    "start": {
     "line": 65,
     "column": 31
    },
    "end": {
     "line": 65,
     "column": 48
    }
   },
   "40": {
    "start": {
     "line": 66,
     "column": 8
    },
    "end": {
     "line": 66,
     "column": 139
    }
   },
   "41": {
    "start": {
     "line": 68,
     "column": 8
    },
    "end": {
     "line": 68,
     "column": 96
    }
   },
   "42": {
    "start": {
     "line": 69,
     "column": 8
    },
    "end": {
     "line": 227,
     "column": 9
    }
   },
   "43": {
    "start": {
     "line": 71,
     "column": 10
    },
    "end": {
     "line": 71,
     "column": 81
    }
   },
   "44": {
    "start": {
     "line": 71,
     "column": 64
    },
    "end": {
     "line": 71,
     "column": 81
    }
   },
   "45": {
    "start": {
     "line": 73,
     "column": 10
    },
    "end": {
     "line": 73,
     "column": 42
    }
   },
   "46": {
    "start": {
     "line": 74,
     "column": 10
    },
    "end": {
     "line": 74,
     "column": 42
    }
   },
   "47": {
    "start": {
     "line": 75,
     "column": 10
    },
    "end": {
     "line": 75,
     "column": 33
    }
   },
   "48": {
    "start": {
     "line": 77,
     "column": 10
    },
    "end": {
     "line": 77,
     "column": 61
    }
   },
   "49": {
    "start": {
     "line": 78,
     "column": 10
    },
    "end": {
     "line": 78,
     "column": 23
    }
   },
   "50": {
    "start": {
     "line": 79,
     "column": 10
    },
    "end": {
     "line": 79,
     "column": 24
    }
   },
   "51": {
    "start": {
     "line": 80,
     "column": 10
    },
    "end": {
     "line": 80,
     "column": 31
    }
   },
   "52": {
    "start": {
     "line": 82,
     "column": 10
    },
    "end": {
     "line": 171,
     "column": 11
    }
   },
   "53": {
    "start": {
     "line": 83,
     "column": 12
    },
    "end": {
     "line": 83,
     "column": 100
    }
   },
   "54": {
    "start": {
     "line": 84,
     "column": 12
    },
    "end": {
     "line": 84,
     "column": 111
    }
   },
   "55": {
    "start": {
     "line": 85,
     "column": 12
    },
    "end": {
     "line": 85,
     "column": 129
    }
   },
   "56": {
    "start": {
     "line": 85,
     "column": 49
    },
    "end": {
     "line": 85,
     "column": 129
    }
   },
   "57": {
    "start": {
     "line": 88,
     "column": 12
    },
    "end": {
     "line": 88,
     "column": 178
    }
   },
   "58": {
    "start": {
     "line": 88,
     "column": 102
    },
    "end": {
     "line": 88,
     "column": 178
    }
   },
   "59": {
    "start": {
     "line": 90,
     "column": 12
    },
    "end": {
     "line": 90,
     "column": 40
    }
   },
   "60": {
    "start": {
     "line": 91,
     "column": 12
    },
    "end": {
     "line": 91,
     "column": 25
    }
   },
   "61": {
    "start": {
     "line": 92,
     "column": 12
    },
    "end": {
     "line": 117,
     "column": 13
    }
   },
   "62": {
    "start": {
     "line": 93,
     "column": 14
    },
    "end": {
     "line": 93,
     "column": 74
    }
   },
   "63": {
    "start": {
     "line": 94,
     "column": 14
    },
    "end": {
     "line": 94,
     "column": 39
    }
   },
   "64": {
    "start": {
     "line": 95,
     "column": 14
    },
    "end": {
     "line": 95,
     "column": 39
    }
   },
   "65": {
    "start": {
     "line": 96,
     "column": 19
    },
    "end": {
     "line": 117,
     "column": 13
    }
   },
   "66": {
    "start": {
     "line": 97,
     "column": 14
    },
    "end": {
     "line": 97,
     "column": 62
    }
   },
   "67": {
    "start": {
     "line": 98,
     "column": 14
    },
    "end": {
     "line": 98,
     "column": 125
    }
   },
   "68": {
    "start": {
     "line": 98,
     "column": 36
    },
    "end": {
     "line": 98,
     "column": 125
    }
   },
   "69": {
    "start": {
     "line": 99,
     "column": 14
    },
    "end": {
     "line": 99,
     "column": 40
    }
   },
   "70": {
    "start": {
     "line": 101,
     "column": 14
    },
    "end": {
     "line": 101,
     "column": 30
    }
   },
   "71": {
    "start": {
     "line": 102,
     "column": 14
    },
    "end": {
     "line": 116,
     "column": 15
    }
   },
   "72": {
    "start": {
     "line": 103,
     "column": 16
    },
    "end": {
     "line": 107,
     "column": 17
    }
   },
   "73": {
    "start": {
     "line": 104,
     "column": 18
    },
    "end": {
     "line": 104,
     "column": 68
    }
   },
   "74": {
    "start": {
     "line": 106,
     "column": 18
    },
    "end": {
     "line": 106,
     "column": 43
    }
   },
   "75": {
    "start": {
     "line": 108,
     "column": 21
    },
    "end": {
     "line": 116,
     "column": 15
    }
   },
   "76": {
    "start": {
     "line": 109,
     "column": 16
    },
    "end": {
     "line": 113,
     "column": 17
    }
   },
   "77": {
    "start": {
     "line": 110,
     "column": 18
    },
    "end": {
     "line": 110,
     "column": 68
    }
   },
   "78": {
    "start": {
     "line": 112,
     "column": 18
    },
    "end": {
     "line": 112,
     "column": 43
    }
   },
   "79": {
    "start": {
     "line": 115,
     "column": 16
    },
    "end": {
     "line": 115,
     "column": 41
    }
   },
   "80": {
    "start": {
     "line": 119,
     "column": 12
    },
    "end": {
     "line": 122,
     "column": 13
    }
   },
   "81": {
    "start": {
     "line": 120,
     "column": 14
    },
    "end": {
     "line": 120,
     "column": 97
    }
   },
   "82": {
    "start": {
     "line": 121,
     "column": 14
    },
    "end": {
     "line": 121,
     "column": 171
    }
   },
   "83": {
    "start": {
     "line": 123,
     "column": 12
    },
    "end": {
     "line": 123,
     "column": 52
    }
   },
   "84": {
    "start": {
     "line": 125,
     "column": 12
    },
    "end": {
     "line": 125,
     "column": 54
    }
   },
   "85": {
    "start": {
     "line": 127,
     "column": 12
    },
    "end": {
     "line": 132,
     "column": 13
    }
   },
   "86": {
    "start": {
     "line": 128,
     "column": 14
    },
    "end": {
     "line": 128,
     "column": 117
    }
   },
   "87": {
    "start": {
     "line": 130,
     "column": 14
    },
    "end": {
     "line": 130,
     "column": 176
    }
   },
   "88": {
    "start": {
     "line": 131,
     "column": 14
    },
    "end": {
     "line": 131,
     "column": 22
    }
   },
   "89": {
    "start": {
     "line": 134,
     "column": 12
    },
    "end": {
     "line": 134,
     "column": 109
    }
   },
   "90": {
    "start": {
     "line": 134,
     "column": 82
    },
    "end": {
     "line": 134,
     "column": 109
    }
   },
   "91": {
    "start": {
     "line": 138,
     "column": 12
    },
    "end": {
     "line": 145,
     "column": 13
    }
   },
   "92": {
    "start": {
     "line": 139,
     "column": 14
    },
    "end": {
     "line": 139,
     "column": 30
    }
   },
   "93": {
    "start": {
     "line": 140,
     "column": 14
    },
    "end": {
     "line": 140,
     "column": 39
    }
   },
   "94": {
    "start": {
     "line": 142,
     "column": 14
    },
    "end": {
     "line": 144,
     "column": 15
    }
   },
   "95": {
    "start": {
     "line": 143,
     "column": 16
    },
    "end": {
     "line": 143,
     "column": 58
    }
   },
   "96": {
    "start": {
     "line": 149,
     "column": 12
    },
    "end": {
     "line": 149,
     "column": 129
    }
   },
   "97": {
    "start": {
     "line": 150,
     "column": 12
    },
    "end": {
     "line": 150,
     "column": 28
    }
   },
   "98": {
    "start": {
     "line": 151,
     "column": 12
    },
    "end": {
     "line": 158,
     "column": 13
    }
   },
   "99": {
    "start": {
     "line": 152,
     "column": 14
    },
    "end": {
     "line": 152,
     "column": 130
    }
   },
   "100": {
    "start": {
     "line": 153,
     "column": 14
    },
    "end": {
     "line": 153,
     "column": 25
    }
   },
   "101": {
    "start": {
     "line": 155,
     "column": 14
    },
    "end": {
     "line": 157,
     "column": 15
    }
   },
   "102": {
    "start": {
     "line": 156,
     "column": 16
    },
    "end": {
     "line": 156,
     "column": 93
    }
   },
   "103": {
    "start": {
     "line": 159,
     "column": 12
    },
    "end": {
     "line": 167,
     "column": 13
    }
   },
   "104": {
    "start": {
     "line": 160,
     "column": 14
    },
    "end": {
     "line": 166,
     "column": 15
    }
   },
   "105": {
    "start": {
     "line": 161,
     "column": 16
    },
    "end": {
     "line": 161,
     "column": 105
    }
   },
   "106": {
    "start": {
     "line": 162,
     "column": 16
    },
    "end": {
     "line": 162,
     "column": 98
    }
   },
   "107": {
    "start": {
     "line": 164,
     "column": 16
    },
    "end": {
     "line": 164,
     "column": 125
    }
   },
   "108": {
    "start": {
     "line": 165,
     "column": 16
    },
    "end": {
     "line": 165,
     "column": 24
    }
   },
   "109": {
    "start": {
     "line": 169,
     "column": 12
    },
    "end": {
     "line": 170,
     "column": 51
    }
   },
   "110": {
    "start": {
     "line": 169,
     "column": 35
    },
    "end": {
     "line": 169,
     "column": 79
    }
   },
   "111": {
    "start": {
     "line": 170,
     "column": 17
    },
    "end": {
     "line": 170,
     "column": 51
    }
   },
   "112": {
    "start": {
     "line": 174,
     "column": 10
    },
    "end": {
     "line": 192,
     "column": 11
    }
   },
   "113": {
    "start": {
     "line": 176,
     "column": 12
    },
    "end": {
     "line": 190,
     "column": 13
    }
   },
   "114": {
    "start": {
     "line": 178,
     "column": 14
    },
    "end": {
     "line": 186,
     "column": 15
    }
   },
   "115": {
    "start": {
     "line": 179,
     "column": 16
    },
    "end": {
     "line": 179,
     "column": 147
    }
   },
   "116": {
    "start": {
     "line": 182,
     "column": 16
    },
    "end": {
     "line": 182,
     "column": 38
    }
   },
   "117": {
    "start": {
     "line": 184,
     "column": 16
    },
    "end": {
     "line": 184,
     "column": 129
    }
   },
   "118": {
    "start": {
     "line": 184,
     "column": 27
    },
    "end": {
     "line": 184,
     "column": 129
    }
   },
   "119": {
    "start": {
     "line": 185,
     "column": 16
    },
    "end": {
     "line": 185,
     "column": 157
    }
   },
   "120": {
    "start": {
     "line": 188,
     "column": 14
    },
    "end": {
     "line": 188,
     "column": 78
    }
   },
   "121": {
    "start": {
     "line": 189,
     "column": 14
    },
    "end": {
     "line": 189,
     "column": 22
    }
   },
   "122": {
    "start": {
     "line": 196,
     "column": 10
    },
    "end": {
     "line": 196,
     "column": 104
    }
   },
   "123": {
    "start": {
     "line": 197,
     "column": 10
    },
    "end": {
     "line": 207,
     "column": 11
    }
   },
   "124": {
    "start": {
     "line": 198,
     "column": 12
    },
    "end": {
     "line": 198,
     "column": 84
    }
   },
   "125": {
    "start": {
     "line": 198,
     "column": 67
    },
    "end": {
     "line": 198,
     "column": 84
    }
   },
   "126": {
    "start": {
     "line": 199,
     "column": 12
    },
    "end": {
     "line": 206,
     "column": 13
    }
   },
   "127": {
    "start": {
     "line": 200,
     "column": 14
    },
    "end": {
     "line": 205,
     "column": 15
    }
   },
   "128": {
    "start": {
     "line": 201,
     "column": 16
    },
    "end": {
     "line": 201,
     "column": 188
    }
   },
   "129": {
    "start": {
     "line": 203,
     "column": 16
    },
    "end": {
     "line": 203,
     "column": 93
    }
   },
   "130": {
    "start": {
     "line": 204,
     "column": 16
    },
    "end": {
     "line": 204,
     "column": 24
    }
   },
   "131": {
    "start": {
     "line": 210,
     "column": 10
    },
    "end": {
     "line": 210,
     "column": 65
    }
   },
   "132": {
    "start": {
     "line": 211,
     "column": 10
    },
    "end": {
     "line": 211,
     "column": 40
    }
   },
   "133": {
    "start": {
     "line": 212,
     "column": 10
    },
    "end": {
     "line": 212,
     "column": 129
    }
   },
   "134": {
    "start": {
     "line": 214,
     "column": 10
    },
    "end": {
     "line": 214,
     "column": 25
    }
   },
   "135": {
    "start": {
     "line": 215,
     "column": 10
    },
    "end": {
     "line": 218,
     "column": 11
    }
   },
   "136": {
    "start": {
     "line": 216,
     "column": 12
    },
    "end": {
     "line": 216,
     "column": 37
    }
   },
   "137": {
    "start": {
     "line": 217,
     "column": 12
    },
    "end": {
     "line": 217,
     "column": 22
    }
   },
   "138": {
    "start": {
     "line": 220,
     "column": 10
    },
    "end": {
     "line": 225,
     "column": 11
    }
   },
   "139": {
    "start": {
     "line": 221,
     "column": 12
    },
    "end": {
     "line": 221,
     "column": 123
    }
   },
   "140": {
    "start": {
     "line": 222,
     "column": 12
    },
    "end": {
     "line": 222,
     "column": 58
    }
   },
   "141": {
    "start": {
     "line": 224,
     "column": 12
    },
    "end": {
     "line": 224,
     "column": 149
    }
   },
   "142": {
    "start": {
     "line": 231,
     "column": 2
    },
    "end": {
     "line": 242,
     "column": 3
    }
   },
   "143": {
    "start": {
     "line": 232,
     "column": 4
    },
    "end": {
     "line": 236,
     "column": 7
    }
   },
   "144": {
    "start": {
     "line": 233,
     "column": 6
    },
    "end": {
     "line": 236,
     "column": 7
    }
   },
   "145": {
    "start": {
     "line": 234,
     "column": 8
    },
    "end": {
     "line": 234,
     "column": 141
    }
   },
   "146": {
    "start": {
     "line": 235,
     "column": 8
    },
    "end": {
     "line": 235,
     "column": 98
    }
   },
   "147": {
    "start": {
     "line": 237,
     "column": 4
    },
    "end": {
     "line": 237,
     "column": 39
    }
   },
   "148": {
    "start": {
     "line": 239,
     "column": 4
    },
    "end": {
     "line": 239,
     "column": 70
    }
   },
   "149": {
    "start": {
     "line": 240,
     "column": 4
    },
    "end": {
     "line": 240,
     "column": 110
    }
   },
   "150": {
    "start": {
     "line": 241,
     "column": 4
    },
    "end": {
     "line": 241,
     "column": 58
    }
   },
   "151": {
    "start": {
     "line": 245,
     "column": 2
    },
    "end": {
     "line": 264,
     "column": 3
    }
   },
   "152": {
    "start": {
     "line": 247,
     "column": 4
    },
    "end": {
     "line": 247,
     "column": 32
    }
   },
   "153": {
    "start": {
     "line": 248,
     "column": 4
    },
    "end": {
     "line": 252,
     "column": 7
    }
   },
   "154": {
    "start": {
     "line": 249,
     "column": 6
    },
    "end": {
     "line": 252,
     "column": 7
    }
   },
   "155": {
    "start": {
     "line": 250,
     "column": 8
    },
    "end": {
     "line": 250,
     "column": 31
    }
   },
   "156": {
    "start": {
     "line": 251,
     "column": 8
    },
    "end": {
     "line": 251,
     "column": 14
    }
   },
   "157": {
    "start": {
     "line": 253,
     "column": 4
    },
    "end": {
     "line": 261,
     "column": 5
    }
   },
   "158": {
    "start": {
     "line": 253,
     "column": 26
    },
    "end": {
     "line": 253,
     "column": 61
    }
   },
   "159": {
    "start": {
     "line": 256,
     "column": 6
    },
    "end": {
     "line": 260,
     "column": 7
    }
   },
   "160": {
    "start": {
     "line": 257,
     "column": 8
    },
    "end": {
     "line": 257,
     "column": 49
    }
   },
   "161": {
    "start": {
     "line": 258,
     "column": 8
    },
    "end": {
     "line": 258,
     "column": 47
    }
   },
   "162": {
    "start": {
     "line": 259,
     "column": 8
    },
    "end": {
     "line": 259,
     "column": 45
    }
   },
   "163": {
    "start": {
     "line": 263,
     "column": 4
    },
    "end": {
     "line": 263,
     "column": 43
    }
   },
   "164": {
    "start": {
     "line": 266,
     "column": 2
    },
    "end": {
     "line": 266,
     "column": 18
    }
   },
   "165": {
    "start": {
     "line": 269,
     "column": 0
    },
    "end": {
     "line": 277,
     "column": 2
    }
   },
   "166": {
    "start": {
     "line": 270,
     "column": 2
    },
    "end": {
     "line": 270,
     "column": 15
    }
   },
   "167": {
    "start": {
     "line": 271,
     "column": 2
    },
    "end": {
     "line": 275,
     "column": 5
    }
   },
   "168": {
    "start": {
     "line": 272,
     "column": 4
    },
    "end": {
     "line": 275,
     "column": 5
    }
   },
   "169": {
    "start": {
     "line": 273,
     "column": 6
    },
    "end": {
     "line": 274,
     "column": 45
    }
   },
   "170": {
    "start": {
     "line": 273,
     "column": 40
    },
    "end": {
     "line": 273,
     "column": 108
    }
   },
   "171": {
    "start": {
     "line": 274,
     "column": 11
    },
    "end": {
     "line": 274,
     "column": 45
    }
   },
   "172": {
    "start": {
     "line": 276,
     "column": 2
    },
    "end": {
     "line": 276,
     "column": 34
    }
   },
   "173": {
    "start": {
     "line": 279,
     "column": 0
    },
    "end": {
     "line": 279,
     "column": 39
    }
   }
  },
  "branchMap": {
   "1": {
    "line": 14,
    "type": "if",
    "locations": [
     {
      "start": {
       "line": 14,
       "column": 4
      },
      "end": {
       "line": 14,
       "column": 4
      }
     },
     {
      "start": {
       "line": 14,
       "column": 4
      },
      "end": {
       "line": 14,
       "column": 4
      }
     }
    ]
   },
   "2": {
    "line": 14,
    "type": "binary-expr",
    "locations": [
     {
      "start": {
       "line": 14,
       "column": 8
      },
      "end": {
       "line": 14,
       "column": 42
      }
     },
     {
      "start": {
       "line": 14,
       "column": 46
      },
      "end": {
       "line": 14,
       "column": 82
      }
     }
    ]
   },
   "3": {
    "line": 28,
    "type": "if",
    "locations": [
     {
      "start": {
       "line": 28,
       "column": 2
      },
      "end": {
       "line": 28,
       "column": 2
      }
     },
     {
      "start": {
       "line": 28,
       "column": 2
      },
      "end": {
       "line": 28,
       "column": 2
      }
     }
    ]
   },
   "4": {
    "line": 32,
    "type": "if",
    "locations": [
     {
      "start": {
       "line": 32,
       "column": 6
      },
      "end": {
       "line": 32,
       "column": 6
      }
     },
     {
      "start": {
       "line": 32,
       "column": 6
      },
      "end": {
       "line": 32,
       "column": 6
      }
     }
    ]
   },
   "5": {
    "line": 32,
    "type": "binary-expr",
    "locations": [
     {
      "start": {
       "line": 32,
       "column": 10
      },
      "end": {
       "line": 32,
       "column": 23
      }
     },
     {
      "start": {
       "line": 32,
       "column": 27
      },
      "end": {
       "line": 32,
       "column": 39
      }
     }
    ]
   },
   "6": {
    "line": 38,
    "type": "if",
    "locations": [
     {
      "start": {
       "line": 38,
       "column": 6
      },
      "end": {
       "line": 38,
       "column": 6
      }
     },
     {
      "start": {
       "line": 38,
       "column": 6
      },
      "end": {
       "line": 38,
       "column": 6
      }
     }
    ]
   },
   "7": {
    "line": 51,
    "type": "cond-expr",
    "locations": [
     {
      "start": {
       "line": 51,
       "column": 81
      },
      "end": {
       "line": 51,
       "column": 94
      }
     },
     {
      "start": {
       "line": 51,
       "column": 97
      },
      "end": {
       "line": 51,
       "column": 99
      }
     }
    ]
   },
   "8": {
    "line": 51,
    "type": "binary-expr",
    "locations": [
     {
      "start": {
       "line": 51,
       "column": 20
      },
      "end": {
       "line": 51,
       "column": 52
      }
     },
     {
      "start": {
       "line": 51,
       "column": 56
      },
      "end": {
       "line": 51,
       "column": 78
      }
     }
    ]
   },
   "9": {
    "line": 54,
    "type": "if",
    "locations": [
     {
      "start": {
       "line": 54,
       "column": 2
      },
      "end": {
       "line": 54,
       "column": 2
      }
     },
     {
      "start": {
       "line": 54,
       "column": 2
      },
      "end": {
       "line": 54,
       "column": 2
      }
     }
    ]
   },
   "10": {
    "line": 63,
    "type": "if",
    "locations": [
     {
      "start": {
       "line": 63,
       "column": 4
      },
      "end": {
       "line": 63,
       "column": 4
      }
     },
     {
      "start": {
       "line": 63,
       "column": 4
      },
      "end": {
       "line": 63,
       "column": 4
      }
     }
    ]
   },
   "11": {
    "line": 64,
    "type": "if",
    "locations": [
     {
      "start": {
       "line": 64,
       "column": 6
      },
      "end": {
       "line": 64,
       "column": 6
      }
     },
     {
      "start": {
       "line": 64,
       "column": 6
      },
      "end": {
       "line": 64,
       "column": 6
      }
     }
    ]
   },
   "12": {
    "line": 64,
    "type": "binary-expr",
    "locations": [
     {
      "start": {
       "line": 64,
       "column": 10
      },
      "end": {
       "line": 64,
       "column": 36
      }
     },
     {
      "start": {
       "line": 64,
       "column": 40
      },
      "end": {
       "line": 64,
       "column": 73
      }
     },
     {
      "start": {
       "line": 64,
       "column": 77
      },
      "end": {
       "line": 64,
       "column": 108
      }
     }
    ]
   },
   "13": {
    "line": 65,
    "type": "if",
    "locations": [
     {
      "start": {
       "line": 65,
       "column": 8
      },
      "end": {
       "line": 65,
       "column": 8
      }
     },
     {
      "start": {
       "line": 65,
       "column": 8
      },
      "end": {
       "line": 65,
       "column": 8
      }
     }
    ]
   },
   "14": {
    "line": 69,
    "type": "if",
    "locations": [
     {
      "start": {
       "line": 69,
       "column": 8
      },
      "end": {
       "line": 69,
       "column": 8
      }
     },
     {
      "start": {
       "line": 69,
       "column": 8
      },
      "end": {
       "line": 69,
       "column": 8
      }
     }
    ]
   },
   "15": {
    "line": 71,
    "type": "if",
    "locations": [
     {
      "start": {
       "line": 71,
       "column": 10
      },
      "end": {
       "line": 71,
       "column": 10
      }
     },
     {
      "start": {
       "line": 71,
       "column": 10
      },
      "end": {
       "line": 71,
       "column": 10
      }
     }
    ]
   },
   "16": {
    "line": 71,
    "type": "binary-expr",
    "locations": [
     {
      "start": {
       "line": 71,
       "column": 14
      },
      "end": {
       "line": 71,
       "column": 31
      }
     },
     {
      "start": {
       "line": 71,
       "column": 35
      },
      "end": {
       "line": 71,
       "column": 62
      }
     }
    ]
   },
   "17": {
    "line": 77,
    "type": "binary-expr",
    "locations": [
     {
      "start": {
       "line": 77,
       "column": 21
      },
      "end": {
       "line": 77,
       "column": 37
      }
     },
     {
      "start": {
       "line": 77,
       "column": 41
      },
      "end": {
       "line": 77,
       "column": 60
      }
     }
    ]
   },
   "18": {
    "line": 82,
    "type": "if",
    "locations": [
     {
      "start": {
       "line": 82,
       "column": 10
      },
      "end": {
       "line": 82,
       "column": 10
      }
     },
     {
      "start": {
       "line": 82,
       "column": 10
      },
      "end": {
       "line": 82,
       "column": 10
      }
     }
    ]
   },
   "19": {
    "line": 85,
    "type": "if",
    "locations": [
     {
      "start": {
       "line": 85,
       "column": 12
      },
      "end": {
       "line": 85,
       "column": 12
      }
     },
     {
      "start": {
       "line": 85,
       "column": 12
      },
      "end": {
       "line": 85,
       "column": 12
      }
     }
    ]
   },
   "20": {
    "line": 88,
    "type": "if",
    "locations": [
     {
      "start": {
       "line": 88,
       "column": 12
      },
      "end": {
       "line": 88,
       "column": 12
      }
     },
     {
      "start": {
       "line": 88,
       "column": 12
      },
      "end": {
       "line": 88,
       "column": 12
      }
     }
    ]
   },
   "21": {
    "line": 88,
    "type": "binary-expr",
    "locations": [
     {
      "start": {
       "line": 88,
       "column": 17
      },
      "end": {
       "line": 88,
       "column": 23
      }
     },
     {
      "start": {
       "line": 88,
       "column": 27
      },
      "end": {
       "line": 88,
       "column": 33
      }
     },
     {
      "start": {
       "line": 88,
       "column": 39
      },
      "end": {
       "line": 88,
       "column": 68
      }
     },
     {
      "start": {
       "line": 88,
       "column": 72
      },
      "end": {
       "line": 88,
       "column": 99
      }
     }
    ]
   },
   "22": {
    "line": 92,
    "type": "if",
    "locations": [
     {
      "start": {
       "line": 92,
       "column": 12
      },
      "end": {
       "line": 92,
       "column": 12
      }
     },
     {
      "start": {
       "line": 92,
       "column": 12
      },
      "end": {
       "line": 92,
       "column": 12
      }
     }
    ]
   },
   "23": {
    "line": 96,
    "type": "if",
    "locations": [
     {
      "start": {
       "line": 96,
       "column": 19
      },
      "end": {
       "line": 96,
       "column": 19
      }
     },
     {
      "start": {
       "line": 96,
       "column": 19
      },
      "end": {
       "line": 96,
       "column": 19
      }
     }
    ]
   },
   "24": {
    "line": 98,
    "type": "if",
    "locations": [
     {
      "start": {
       "line": 98,
       "column": 14
      },
      "end": {
       "line": 98,
       "column": 14
      }
     },
     {
      "start": {
       "line": 98,
       "column": 14
      },
      "end": {
       "line": 98,
       "column": 14
      }
     }
    ]
   },
   "25": {
    "line": 102,
    "type": "if",
    "locations": [
     {
      "start": {
       "line": 102,
       "column": 14
      },
      "end": {
       "line": 102,
       "column": 14
      }
     },
     {
      "start": {
       "line": 102,
       "column": 14
      },
      "end": {
       "line": 102,
       "column": 14
      }
     }
    ]
   },
   "26": {
    "line": 103,
    "type": "if",
    "locations": [
     {
      "start": {
       "line": 103,
       "column": 16
      },
      "end": {
       "line": 103,
       "column": 16
      }
     },
     {
      "start": {
       "line": 103,
       "column": 16
      },
      "end": {
       "line": 103,
       "column": 16
      }
     }
    ]
   },
   "27": {
    "line": 108,
    "type": "if",
    "locations": [
     {
      "start": {
       "line": 108,
       "column": 21
      },
      "end": {
       "line": 108,
       "column": 21
      }
     },
     {
      "start": {
       "line": 108,
       "column": 21
      },
      "end": {
       "line": 108,
       "column": 21
      }
     }
    ]
   },
   "28": {
    "line": 109,
    "type": "if",
    "locations": [
     {
      "start": {
       "line": 109,
       "column": 16
      },
      "end": {
       "line": 109,
       "column": 16
      }
     },
     {
      "start": {
       "line": 109,
       "column": 16
      },
      "end": {
       "line": 109,
       "column": 16
      }
     }
    ]
   },
   "29": {
    "line": 119,
    "type": "if",
    "locations": [
     {
      "start": {
       "line": 119,
       "column": 12
      },
      "end": {
       "line": 119,
       "column": 12
      }
     },
     {
      "start": {
       "line": 119,
       "column": 12
      },
      "end": {
       "line": 119,
       "column": 12
      }
     }
    ]
   },
   "30": {
    "line": 119,
    "type": "binary-expr",
    "locations": [
     {
      "start": {
       "line": 119,
       "column": 16
      },
      "end": {
       "line": 119,
       "column": 32
      }
     },
     {
      "start": {
       "line": 119,
       "column": 36
      },
      "end": {
       "line": 119,
       "column": 61
      }
     }
    ]
   },
   "31": {
    "line": 134,
    "type": "if",
    "locations": [
     {
      "start": {
       "line": 134,
       "column": 12
      },
      "end": {
       "line": 134,
       "column": 12
      }
     },
     {
      "start": {
       "line": 134,
       "column": 12
      },
      "end": {
       "line": 134,
       "column": 12
      }
     }
    ]
   },
   "32": {
    "line": 134,
    "type": "binary-expr",
    "locations": [
     {
      "start": {
       "line": 134,
       "column": 16
      },
      "end": {
       "line": 134,
       "column": 33
      }
     },
     {
      "start": {
       "line": 134,
       "column": 37
      },
      "end": {
       "line": 134,
       "column": 80
      }
     }
    ]
   },
   "33": {
    "line": 138,
    "type": "if",
    "locations": [
     {
      "start": {
       "line": 138,
       "column": 12
      },
      "end": {
       "line": 138,
       "column": 12
      }
     },
     {
      "start": {
       "line": 138,
       "column": 12
      },
      "end": {
       "line": 138,
       "column": 12
      }
     }
    ]
   },
   "34": {
    "line": 138,
    "type": "binary-expr",
    "locations": [
     {
      "start": {
       "line": 138,
       "column": 16
      },
      "end": {
       "line": 138,
       "column": 41
      }
     },
     {
      "start": {
       "line": 138,
       "column": 45
      },
      "end": {
       "line": 138,
       "column": 63
      }
     }
    ]
   },
   "35": {
    "line": 142,
    "type": "if",
    "locations": [
     {
      "start": {
       "line": 142,
       "column": 14
      },
      "end": {
       "line": 142,
       "column": 14
      }
     },
     {
      "start": {
       "line": 142,
       "column": 14
      },
      "end": {
       "line": 142,
       "column": 14
      }
     }
    ]
   },
   "36": {
    "line": 142,
    "type": "binary-expr",
    "locations": [
     {
      "start": {
       "line": 142,
       "column": 18
      },
      "end": {
       "line": 142,
       "column": 47
      }
     },
     {
      "start": {
       "line": 142,
       "column": 51
      },
      "end": {
       "line": 142,
       "column": 67
      }
     }
    ]
   },
   "37": {
    "line": 151,
    "type": "if",
    "locations": [
     {
      "start": {
       "line": 151,
       "column": 12
      },
      "end": {
       "line": 151,
       "column": 12
      }
     },
     {
      "start": {
       "line": 151,
       "column": 12
      },
      "end": {
       "line": 151,
       "column": 12
      }
     }
    ]
   },
   "38": {
    "line": 155,
    "type": "if",
    "locations": [
     {
      "start": {
       "line": 155,
       "column": 14
      },
      "end": {
       "line": 155,
       "column": 14
      }
     },
     {
      "start": {
       "line": 155,
       "column": 14
      },
      "end": {
       "line": 155,
       "column": 14
      }
     }
    ]
   },
   "39": {
    "line": 159,
    "type": "if",
    "locations": [
     {
      "start": {
       "line": 159,
       "column": 12
      },
      "end": {
       "line": 159,
       "column": 12
      }
     },
     {
      "start": {
       "line": 159,
       "column": 12
      },
      "end": {
       "line": 159,
       "column": 12
      }
     }
    ]
   },
   "40": {
    "line": 162,
    "type": "cond-expr",
    "locations": [
     {
      "start": {
       "line": 162,
       "column": 35
      },
      "end": {
       "line": 162,
       "column": 38
      }
     },
     {
      "start": {
       "line": 162,
       "column": 41
      },
      "end": {
       "line": 162,
       "column": 43
      }
     }
    ]
   },
   "41": {
    "line": 169,
    "type": "if",
    "locations": [
     {
      "start": {
       "line": 169,
       "column": 12
      },
      "end": {
       "line": 169,
       "column": 12
      }
     },
     {
      "start": {
       "line": 169,
       "column": 12
      },
      "end": {
       "line": 169,
       "column": 12
      }
     }
    ]
   },
   "42": {
    "line": 174,
    "type": "if",
    "locations": [
     {
      "start": {
       "line": 174,
       "column": 10
      },
      "end": {
       "line": 174,
       "column": 10
      }
     },
     {
      "start": {
       "line": 174,
       "column": 10
      },
      "end": {
       "line": 174,
       "column": 10
      }
     }
    ]
   },
   "43": {
    "line": 178,
    "type": "if",
    "locations": [
     {
      "start": {
       "line": 178,
       "column": 14
      },
      "end": {
       "line": 178,
       "column": 14
      }
     },
     {
      "start": {
       "line": 178,
       "column": 14
      },
      "end": {
       "line": 178,
       "column": 14
      }
     }
    ]
   },
   "44": {
    "line": 178,
    "type": "binary-expr",
    "locations": [
     {
      "start": {
       "line": 178,
       "column": 18
      },
      "end": {
       "line": 178,
       "column": 47
      }
     },
     {
      "start": {
       "line": 178,
       "column": 51
      },
      "end": {
       "line": 178,
       "column": 67
      }
     }
    ]
   },
   "45": {
    "line": 184,
    "type": "if",
    "locations": [
     {
      "start": {
       "line": 184,
       "column": 16
      },
      "end": {
       "line": 184,
       "column": 16
      }
     },
     {
      "start": {
       "line": 184,
       "column": 16
      },
      "end": {
       "line": 184,
       "column": 16
      }
     }
    ]
   },
   "46": {
    "line": 197,
    "type": "if",
    "locations": [
     {
      "start": {
       "line": 197,
       "column": 10
      },
      "end": {
       "line": 197,
       "column": 10
      }
     },
     {
      "start": {
       "line": 197,
       "column": 10
      },
      "end": {
       "line": 197,
       "column": 10
      }
     }
    ]
   },
   "47": {
    "line": 198,
    "type": "if",
    "locations": [
     {
      "start": {
       "line": 198,
       "column": 12
      },
      "end": {
       "line": 198,
       "column": 12
      }
     },
     {
      "start": {
       "line": 198,
       "column": 12
      },
      "end": {
       "line": 198,
       "column": 12
      }
     }
    ]
   },
   "48": {
    "line": 198,
    "type": "binary-expr",
    "locations": [
     {
      "start": {
       "line": 198,
       "column": 16
      },
      "end": {
       "line": 198,
       "column": 33
      }
     },
     {
      "start": {
       "line": 198,
       "column": 37
      },
      "end": {
       "line": 198,
       "column": 65
      }
     }
    ]
   },
   "49": {
    "line": 199,
    "type": "if",
    "locations": [
     {
      "start": {
       "line": 199,
       "column": 12
      },
      "end": {
       "line": 199,
       "column": 12
      }
     },
     {
      "start": {
       "line": 199,
       "column": 12
      },
      "end": {
       "line": 199,
       "column": 12
      }
     }
    ]
   },
   "50": {
    "line": 212,
    "type": "cond-expr",
    "locations": [
     {
      "start": {
       "line": 212,
       "column": 78
      },
      "end": {
       "line": 212,
       "column": 116
      }
     },
     {
      "start": {
       "line": 212,
       "column": 119
      },
      "end": {
       "line": 212,
       "column": 128
      }
     }
    ]
   },
   "51": {
    "line": 215,
    "type": "if",
    "locations": [
     {
      "start": {
       "line": 215,
       "column": 10
      },
      "end": {
       "line": 215,
       "column": 10
      }
     },
     {
      "start": {
       "line": 215,
       "column": 10
      },
      "end": {
       "line": 215,
       "column": 10
      }
     }
    ]
   },
   "52": {
    "line": 220,
    "type": "if",
    "locations": [
     {
      "start": {
       "line": 220,
       "column": 10
      },
      "end": {
       "line": 220,
       "column": 10
      }
     },
     {
      "start": {
       "line": 220,
       "column": 10
      },
      "end": {
       "line": 220,
       "column": 10
      }
     }
    ]
   },
   "53": {
    "line": 231,
    "type": "if",
    "locations": [
     {
      "start": {
       "line": 231,
       "column": 2
      },
      "end": {
       "line": 231,
       "column": 2
      }
     },
     {
      "start": {
       "line": 231,
       "column": 2
      },
      "end": {
       "line": 231,
       "column": 2
      }
     }
    ]
   },
   "54": {
    "line": 231,
    "type": "binary-expr",
    "locations": [
     {
      "start": {
       "line": 231,
       "column": 6
      },
      "end": {
       "line": 231,
       "column": 35
      }
     },
     {
      "start": {
       "line": 231,
       "column": 39
      },
      "end": {
       "line": 231,
       "column": 55
      }
     }
    ]
   },
   "55": {
    "line": 233,
    "type": "if",
    "locations": [
     {
      "start": {
       "line": 233,
       "column": 6
      },
      "end": {
       "line": 233,
       "column": 6
      }
     },
     {
      "start": {
       "line": 233,
       "column": 6
      },
      "end": {
       "line": 233,
       "column": 6
      }
     }
    ]
   },
   "56": {
    "line": 240,
    "type": "cond-expr",
    "locations": [
     {
      "start": {
       "line": 240,
       "column": 47
      },
      "end": {
       "line": 240,
       "column": 69
      }
     },
     {
      "start": {
       "line": 240,
       "column": 72
      },
      "end": {
       "line": 240,
       "column": 74
      }
     }
    ]
   },
   "57": {
    "line": 245,
    "type": "if",
    "locations": [
     {
      "start": {
       "line": 245,
       "column": 2
      },
      "end": {
       "line": 245,
       "column": 2
      }
     },
     {
      "start": {
       "line": 245,
       "column": 2
      },
      "end": {
       "line": 245,
       "column": 2
      }
     }
    ]
   },
   "58": {
    "line": 249,
    "type": "if",
    "locations": [
     {
      "start": {
       "line": 249,
       "column": 6
      },
      "end": {
       "line": 249,
       "column": 6
      }
     },
     {
      "start": {
       "line": 249,
       "column": 6
      },
      "end": {
       "line": 249,
       "column": 6
      }
     }
    ]
   },
   "59": {
    "line": 253,
    "type": "if",
    "locations": [
     {
      "start": {
       "line": 253,
       "column": 4
      },
      "end": {
       "line": 253,
       "column": 4
      }
     },
     {
      "start": {
       "line": 253,
       "column": 4
      },
      "end": {
       "line": 253,
       "column": 4
      }
     }
    ]
   },
   "60": {
    "line": 256,
    "type": "if",
    "locations": [
     {
      "start": {
       "line": 256,
       "column": 6
      },
      "end": {
       "line": 256,
       "column": 6
      }
     },
     {
      "start": {
       "line": 256,
       "column": 6
      },
      "end": {
       "line": 256,
       "column": 6
      }
     }
    ]
   },
   "61": {
    "line": 272,
    "type": "if",
    "locations": [
     {
      "start": {
       "line": 272,
       "column": 4
      },
      "end": {
       "line": 272,
       "column": 4
      }
     },
     {
      "start": {
       "line": 272,
       "column": 4
      },
      "end": {
       "line": 272,
       "column": 4
      }
     }
    ]
   },
   "62": {
    "line": 273,
    "type": "if",
    "locations": [
     {
      "start": {
       "line": 273,
       "column": 6
      },
      "end": {
       "line": 273,
       "column": 6
      }
     },
     {
      "start": {
       "line": 273,
       "column": 6
      },
      "end": {
       "line": 273,
       "column": 6
      }
     }
    ]
   }
  }
 },
 "/Users/ckho/GitHub/icare_email/src/js/converter/utils.js": {
  "path": "/Users/ckho/GitHub/icare_email/src/js/converter/utils.js",
  "s": {
   "1": 1,
   "2": 1,
   "3": 1,
   "4": 1,
   "5": 1,
   "6": 1,
   "7": 1,
   "8": 1,
   "9": 1,
   "10": 1,
   "11": 1,
   "12": 450,
   "13": 1,
   "14": 617,
   "15": 617,
   "16": 617,
   "17": 617,
   "18": 4599,
   "19": 617,
   "20": 617,
   "21": 608,
   "22": 4569,
   "23": 608,
   "24": 9,
   "25": 617,
   "26": 617,
   "27": 1,
   "28": 1,
   "29": 46,
   "30": 2,
   "31": 4,
   "32": 3,
   "33": 1,
   "34": 5,
   "35": 1,
   "36": 11,
   "37": 1,
   "38": 18,
   "39": 1,
   "40": 515,
   "41": 212,
   "42": 515,
   "43": 14,
   "44": 515,
   "45": 46,
   "46": 469,
   "47": 12,
   "48": 13,
   "49": 12,
   "50": 457,
   "51": 1,
   "52": 456,
   "53": 0,
   "54": 456,
   "55": 89,
   "56": 89,
   "57": 76,
   "58": 13,
   "59": 367,
   "60": 76,
   "61": 291,
   "62": 286,
   "63": 286,
   "64": 104,
   "65": 182,
   "66": 5,
   "67": 1,
   "68": 4,
   "69": 4,
   "70": 0,
   "71": 212,
   "72": 1,
   "73": 452,
   "74": 452,
   "75": 435,
   "76": 435,
   "77": 435,
   "78": 365,
   "79": 70,
   "80": 70,
   "81": 70,
   "82": 3,
   "83": 3,
   "84": 449,
   "85": 449,
   "86": 449,
   "87": 453,
   "88": 2,
   "89": 451,
   "90": 451,
   "91": 451,
   "92": 451,
   "93": 434,
   "94": 434,
   "95": 0,
   "96": 451,
   "97": 77,
   "98": 77,
   "99": 76,
   "100": 374,
   "101": 448,
   "102": 448,
   "103": 0,
   "104": 448,
   "105": 1,
   "106": 1,
   "107": 135,
   "108": 135,
   "109": 132,
   "110": 1
  },
  "b": {
   "1": [
    608,
    9
   ],
   "2": [
    2,
    4,
    3,
    1,
    5,
    1,
    11,
    1,
    18
   ],
   "3": [
    212,
    303
   ],
   "4": [
    14,
    501
   ],
   "5": [
    515,
    74,
    67
   ],
   "6": [
    46,
    469
   ],
   "7": [
    515,
    470
   ],
   "8": [
    12,
    457
   ],
   "9": [
    1,
    456
   ],
   "10": [
    0,
    456
   ],
   "11": [
    456,
    89
   ],
   "12": [
    89,
    367
   ],
   "13": [
    456,
    89
   ],
   "14": [
    76,
    13
   ],
   "15": [
    89,
    88,
    77
   ],
   "16": [
    76,
    291
   ],
   "17": [
    286,
    5
   ],
   "18": [
    104,
    182
   ],
   "19": [
    1,
    4
   ],
   "20": [
    4,
    0
   ],
   "21": [
    435,
    17
   ],
   "22": [
    452,
    442
   ],
   "23": [
    365,
    70
   ],
   "24": [
    3,
    67
   ],
   "25": [
    2,
    451
   ],
   "26": [
    451,
    374
   ],
   "27": [
    434,
    17
   ],
   "28": [
    434,
    0
   ],
   "29": [
    77,
    374
   ],
   "30": [
    0,
    448
   ],
   "31": [
    448,
    0,
    0
   ]
  },
  "f": {
   "1": 450,
   "2": 617,
   "3": 212,
   "4": 46,
   "5": 515,
   "6": 13,
   "7": 452,
   "8": 453,
   "9": 135
  },
  "fnMap": {
   "1": {
    "name": "(anonymous_1)",
    "line": 14,
    "loc": {
     "start": {
      "line": 14,
      "column": 17
     },
     "end": {
      "line": 14,
      "column": 31
     }
    }
   },
   "2": {
    "name": "(anonymous_2)",
    "line": 18,
    "loc": {
     "start": {
      "line": 18,
      "column": 18
     },
     "end": {
      "line": 18,
      "column": 94
     }
    }
   },
   "3": {
    "name": "(anonymous_3)",
    "line": 32,
    "loc": {
     "start": {
      "line": 32,
      "column": 26
     },
     "end": {
      "line": 32,
      "column": 66
     }
    }
   },
   "4": {
    "name": "mapOperator",
    "line": 33,
    "loc": {
     "start": {
      "line": 33,
      "column": 2
     },
     "end": {
      "line": 33,
      "column": 27
     }
    }
   },
   "5": {
    "name": "gen",
    "line": 56,
    "loc": {
     "start": {
      "line": 56,
      "column": 2
     },
     "end": {
      "line": 56,
      "column": 60
     }
    }
   },
   "6": {
    "name": "(anonymous_6)",
    "line": 64,
    "loc": {
     "start": {
      "line": 64,
      "column": 36
     },
     "end": {
      "line": 64,
      "column": 48
     }
    }
   },
   "7": {
    "name": "(anonymous_7)",
    "line": 95,
    "loc": {
     "start": {
      "line": 95,
      "column": 24
     },
     "end": {
      "line": 95,
      "column": 76
     }
    }
   },
   "8": {
    "name": "(anonymous_8)",
    "line": 113,
    "loc": {
     "start": {
      "line": 113,
      "column": 85
     },
     "end": {
      "line": 113,
      "column": 113
     }
    }
   },
   "9": {
    "name": "(anonymous_9)",
    "line": 145,
    "loc": {
     "start": {
      "line": 145,
      "column": 23
     },
     "end": {
      "line": 145,
      "column": 60
     }
    }
   }
  },
  "statementMap": {
   "1": {
    "start": {
     "line": 2,
     "column": 0
    },
    "end": {
     "line": 2,
     "column": 33
    }
   },
   "2": {
    "start": {
     "line": 3,
     "column": 0
    },
    "end": {
     "line": 3,
     "column": 27
    }
   },
   "3": {
    "start": {
     "line": 5,
     "column": 0
    },
    "end": {
     "line": 5,
     "column": 26
    }
   },
   "4": {
    "start": {
     "line": 6,
     "column": 0
    },
    "end": {
     "line": 6,
     "column": 27
    }
   },
   "5": {
    "start": {
     "line": 7,
     "column": 0
    },
    "end": {
     "line": 7,
     "column": 26
    }
   },
   "6": {
    "start": {
     "line": 8,
     "column": 0
    },
    "end": {
     "line": 8,
     "column": 27
    }
   },
   "7": {
    "start": {
     "line": 9,
     "column": 0
    },
    "end": {
     "line": 9,
     "column": 26
    }
   },
   "8": {
    "start": {
     "line": 10,
     "column": 0
    },
    "end": {
     "line": 10,
     "column": 27
    }
   },
   "9": {
    "start": {
     "line": 11,
     "column": 0
    },
    "end": {
     "line": 11,
     "column": 26
    }
   },
   "10": {
    "start": {
     "line": 12,
     "column": 0
    },
    "end": {
     "line": 12,
     "column": 27
    }
   },
   "11": {
    "start": {
     "line": 14,
     "column": 0
    },
    "end": {
     "line": 16,
     "column": 2
    }
   },
   "12": {
    "start": {
     "line": 15,
     "column": 2
    },
    "end": {
     "line": 15,
     "column": 66
    }
   },
   "13": {
    "start": {
     "line": 18,
     "column": 0
    },
    "end": {
     "line": 30,
     "column": 2
    }
   },
   "14": {
    "start": {
     "line": 19,
     "column": 2
    },
    "end": {
     "line": 19,
     "column": 36
    }
   },
   "15": {
    "start": {
     "line": 20,
     "column": 2
    },
    "end": {
     "line": 20,
     "column": 26
    }
   },
   "16": {
    "start": {
     "line": 21,
     "column": 2
    },
    "end": {
     "line": 21,
     "column": 22
    }
   },
   "17": {
    "start": {
     "line": 22,
     "column": 2
    },
    "end": {
     "line": 22,
     "column": 101
    }
   },
   "18": {
    "start": {
     "line": 22,
     "column": 53
    },
    "end": {
     "line": 22,
     "column": 101
    }
   },
   "19": {
    "start": {
     "line": 23,
     "column": 2
    },
    "end": {
     "line": 23,
     "column": 24
    }
   },
   "20": {
    "start": {
     "line": 24,
     "column": 2
    },
    "end": {
     "line": 27,
     "column": 33
    }
   },
   "21": {
    "start": {
     "line": 25,
     "column": 4
    },
    "end": {
     "line": 25,
     "column": 103
    }
   },
   "22": {
    "start": {
     "line": 25,
     "column": 56
    },
    "end": {
     "line": 25,
     "column": 103
    }
   },
   "23": {
    "start": {
     "line": 26,
     "column": 4
    },
    "end": {
     "line": 26,
     "column": 22
    }
   },
   "24": {
    "start": {
     "line": 27,
     "column": 9
    },
    "end": {
     "line": 27,
     "column": 33
    }
   },
   "25": {
    "start": {
     "line": 28,
     "column": 2
    },
    "end": {
     "line": 28,
     "column": 77
    }
   },
   "26": {
    "start": {
     "line": 29,
     "column": 2
    },
    "end": {
     "line": 29,
     "column": 18
    }
   },
   "27": {
    "start": {
     "line": 32,
     "column": 0
    },
    "end": {
     "line": 93,
     "column": 2
    }
   },
   "28": {
    "start": {
     "line": 33,
     "column": 2
    },
    "end": {
     "line": 54,
     "column": 3
    }
   },
   "29": {
    "start": {
     "line": 34,
     "column": 4
    },
    "end": {
     "line": 53,
     "column": 5
    }
   },
   "30": {
    "start": {
     "line": 36,
     "column": 8
    },
    "end": {
     "line": 36,
     "column": 20
    }
   },
   "31": {
    "start": {
     "line": 38,
     "column": 8
    },
    "end": {
     "line": 38,
     "column": 20
    }
   },
   "32": {
    "start": {
     "line": 40,
     "column": 8
    },
    "end": {
     "line": 40,
     "column": 19
    }
   },
   "33": {
    "start": {
     "line": 42,
     "column": 8
    },
    "end": {
     "line": 42,
     "column": 20
    }
   },
   "34": {
    "start": {
     "line": 44,
     "column": 8
    },
    "end": {
     "line": 44,
     "column": 19
    }
   },
   "35": {
    "start": {
     "line": 46,
     "column": 8
    },
    "end": {
     "line": 46,
     "column": 20
    }
   },
   "36": {
    "start": {
     "line": 48,
     "column": 8
    },
    "end": {
     "line": 48,
     "column": 20
    }
   },
   "37": {
    "start": {
     "line": 50,
     "column": 8
    },
    "end": {
     "line": 50,
     "column": 20
    }
   },
   "38": {
    "start": {
     "line": 52,
     "column": 8
    },
    "end": {
     "line": 52,
     "column": 18
    }
   },
   "39": {
    "start": {
     "line": 56,
     "column": 2
    },
    "end": {
     "line": 90,
     "column": 3
    }
   },
   "40": {
    "start": {
     "line": 57,
     "column": 4
    },
    "end": {
     "line": 57,
     "column": 64
    }
   },
   "41": {
    "start": {
     "line": 57,
     "column": 44
    },
    "end": {
     "line": 57,
     "column": 64
    }
   },
   "42": {
    "start": {
     "line": 59,
     "column": 4
    },
    "end": {
     "line": 59,
     "column": 182
    }
   },
   "43": {
    "start": {
     "line": 59,
     "column": 105
    },
    "end": {
     "line": 59,
     "column": 182
    }
   },
   "44": {
    "start": {
     "line": 61,
     "column": 4
    },
    "end": {
     "line": 89,
     "column": 5
    }
   },
   "45": {
    "start": {
     "line": 62,
     "column": 6
    },
    "end": {
     "line": 62,
     "column": 161
    }
   },
   "46": {
    "start": {
     "line": 63,
     "column": 11
    },
    "end": {
     "line": 89,
     "column": 5
    }
   },
   "47": {
    "start": {
     "line": 64,
     "column": 6
    },
    "end": {
     "line": 66,
     "column": 9
    }
   },
   "48": {
    "start": {
     "line": 65,
     "column": 8
    },
    "end": {
     "line": 65,
     "column": 53
    }
   },
   "49": {
    "start": {
     "line": 67,
     "column": 6
    },
    "end": {
     "line": 67,
     "column": 91
    }
   },
   "50": {
    "start": {
     "line": 68,
     "column": 11
    },
    "end": {
     "line": 89,
     "column": 5
    }
   },
   "51": {
    "start": {
     "line": 69,
     "column": 6
    },
    "end": {
     "line": 69,
     "column": 79
    }
   },
   "52": {
    "start": {
     "line": 70,
     "column": 11
    },
    "end": {
     "line": 89,
     "column": 5
    }
   },
   "53": {
    "start": {
     "line": 71,
     "column": 6
    },
    "end": {
     "line": 71,
     "column": 52
    }
   },
   "54": {
    "start": {
     "line": 73,
     "column": 11
    },
    "end": {
     "line": 89,
     "column": 5
    }
   },
   "55": {
    "start": {
     "line": 74,
     "column": 6
    },
    "end": {
     "line": 74,
     "column": 107
    }
   },
   "56": {
    "start": {
     "line": 75,
     "column": 6
    },
    "end": {
     "line": 75,
     "column": 129
    }
   },
   "57": {
    "start": {
     "line": 75,
     "column": 87
    },
    "end": {
     "line": 75,
     "column": 129
    }
   },
   "58": {
    "start": {
     "line": 76,
     "column": 6
    },
    "end": {
     "line": 76,
     "column": 16
    }
   },
   "59": {
    "start": {
     "line": 77,
     "column": 11
    },
    "end": {
     "line": 89,
     "column": 5
    }
   },
   "60": {
    "start": {
     "line": 78,
     "column": 6
    },
    "end": {
     "line": 78,
     "column": 22
    }
   },
   "61": {
    "start": {
     "line": 79,
     "column": 11
    },
    "end": {
     "line": 89,
     "column": 5
    }
   },
   "62": {
    "start": {
     "line": 80,
     "column": 6
    },
    "end": {
     "line": 80,
     "column": 25
    }
   },
   "63": {
    "start": {
     "line": 81,
     "column": 6
    },
    "end": {
     "line": 82,
     "column": 21
    }
   },
   "64": {
    "start": {
     "line": 81,
     "column": 24
    },
    "end": {
     "line": 81,
     "column": 66
    }
   },
   "65": {
    "start": {
     "line": 82,
     "column": 11
    },
    "end": {
     "line": 82,
     "column": 21
    }
   },
   "66": {
    "start": {
     "line": 83,
     "column": 11
    },
    "end": {
     "line": 89,
     "column": 5
    }
   },
   "67": {
    "start": {
     "line": 84,
     "column": 6
    },
    "end": {
     "line": 84,
     "column": 194
    }
   },
   "68": {
    "start": {
     "line": 85,
     "column": 11
    },
    "end": {
     "line": 89,
     "column": 5
    }
   },
   "69": {
    "start": {
     "line": 86,
     "column": 6
    },
    "end": {
     "line": 86,
     "column": 111
    }
   },
   "70": {
    "start": {
     "line": 88,
     "column": 6
    },
    "end": {
     "line": 88,
     "column": 65
    }
   },
   "71": {
    "start": {
     "line": 92,
     "column": 2
    },
    "end": {
     "line": 92,
     "column": 55
    }
   },
   "72": {
    "start": {
     "line": 95,
     "column": 0
    },
    "end": {
     "line": 143,
     "column": 2
    }
   },
   "73": {
    "start": {
     "line": 96,
     "column": 2
    },
    "end": {
     "line": 96,
     "column": 14
    }
   },
   "74": {
    "start": {
     "line": 97,
     "column": 2
    },
    "end": {
     "line": 110,
     "column": 3
    }
   },
   "75": {
    "start": {
     "line": 98,
     "column": 4
    },
    "end": {
     "line": 98,
     "column": 94
    }
   },
   "76": {
    "start": {
     "line": 99,
     "column": 4
    },
    "end": {
     "line": 99,
     "column": 73
    }
   },
   "77": {
    "start": {
     "line": 100,
     "column": 4
    },
    "end": {
     "line": 109,
     "column": 5
    }
   },
   "78": {
    "start": {
     "line": 100,
     "column": 30
    },
    "end": {
     "line": 100,
     "column": 61
    }
   },
   "79": {
    "start": {
     "line": 102,
     "column": 6
    },
    "end": {
     "line": 102,
     "column": 62
    }
   },
   "80": {
    "start": {
     "line": 103,
     "column": 6
    },
    "end": {
     "line": 103,
     "column": 61
    }
   },
   "81": {
    "start": {
     "line": 104,
     "column": 6
    },
    "end": {
     "line": 108,
     "column": 7
    }
   },
   "82": {
    "start": {
     "line": 106,
     "column": 8
    },
    "end": {
     "line": 106,
     "column": 104
    }
   },
   "83": {
    "start": {
     "line": 107,
     "column": 8
    },
    "end": {
     "line": 107,
     "column": 84
    }
   },
   "84": {
    "start": {
     "line": 111,
     "column": 2
    },
    "end": {
     "line": 142,
     "column": 3
    }
   },
   "85": {
    "start": {
     "line": 112,
     "column": 4
    },
    "end": {
     "line": 112,
     "column": 17
    }
   },
   "86": {
    "start": {
     "line": 113,
     "column": 4
    },
    "end": {
     "line": 133,
     "column": 13
    }
   },
   "87": {
    "start": {
     "line": 115,
     "column": 6
    },
    "end": {
     "line": 115,
     "column": 31
    }
   },
   "88": {
    "start": {
     "line": 115,
     "column": 14
    },
    "end": {
     "line": 115,
     "column": 31
    }
   },
   "89": {
    "start": {
     "line": 116,
     "column": 6
    },
    "end": {
     "line": 116,
     "column": 13
    }
   },
   "90": {
    "start": {
     "line": 117,
     "column": 6
    },
    "end": {
     "line": 117,
     "column": 29
    }
   },
   "91": {
    "start": {
     "line": 118,
     "column": 6
    },
    "end": {
     "line": 118,
     "column": 17
    }
   },
   "92": {
    "start": {
     "line": 119,
     "column": 6
    },
    "end": {
     "line": 125,
     "column": 7
    }
   },
   "93": {
    "start": {
     "line": 120,
     "column": 8
    },
    "end": {
     "line": 124,
     "column": 9
    }
   },
   "94": {
    "start": {
     "line": 121,
     "column": 10
    },
    "end": {
     "line": 121,
     "column": 40
    }
   },
   "95": {
    "start": {
     "line": 123,
     "column": 10
    },
    "end": {
     "line": 123,
     "column": 97
    }
   },
   "96": {
    "start": {
     "line": 127,
     "column": 6
    },
    "end": {
     "line": 131,
     "column": 7
    }
   },
   "97": {
    "start": {
     "line": 128,
     "column": 8
    },
    "end": {
     "line": 128,
     "column": 33
    }
   },
   "98": {
    "start": {
     "line": 129,
     "column": 8
    },
    "end": {
     "line": 129,
     "column": 78
    }
   },
   "99": {
    "start": {
     "line": 130,
     "column": 8
    },
    "end": {
     "line": 130,
     "column": 37
    }
   },
   "100": {
    "start": {
     "line": 132,
     "column": 6
    },
    "end": {
     "line": 132,
     "column": 62
    }
   },
   "101": {
    "start": {
     "line": 134,
     "column": 4
    },
    "end": {
     "line": 134,
     "column": 73
    }
   },
   "102": {
    "start": {
     "line": 136,
     "column": 4
    },
    "end": {
     "line": 138,
     "column": 5
    }
   },
   "103": {
    "start": {
     "line": 137,
     "column": 6
    },
    "end": {
     "line": 137,
     "column": 92
    }
   },
   "104": {
    "start": {
     "line": 139,
     "column": 4
    },
    "end": {
     "line": 139,
     "column": 18
    }
   },
   "105": {
    "start": {
     "line": 141,
     "column": 4
    },
    "end": {
     "line": 141,
     "column": 65
    }
   },
   "106": {
    "start": {
     "line": 145,
     "column": 0
    },
    "end": {
     "line": 149,
     "column": 2
    }
   },
   "107": {
    "start": {
     "line": 146,
     "column": 2
    },
    "end": {
     "line": 146,
     "column": 34
    }
   },
   "108": {
    "start": {
     "line": 147,
     "column": 2
    },
    "end": {
     "line": 147,
     "column": 64
    }
   },
   "109": {
    "start": {
     "line": 148,
     "column": 2
    },
    "end": {
     "line": 148,
     "column": 17
    }
   },
   "110": {
    "start": {
     "line": 151,
     "column": 0
    },
    "end": {
     "line": 156,
     "column": 2
    }
   }
  },
  "branchMap": {
   "1": {
    "line": 24,
    "type": "if",
    "locations": [
     {
      "start": {
       "line": 24,
       "column": 2
      },
      "end": {
       "line": 24,
       "column": 2
      }
     },
     {
      "start": {
       "line": 24,
       "column": 2
      },
      "end": {
       "line": 24,
       "column": 2
      }
     }
    ]
   },
   "2": {
    "line": 34,
    "type": "switch",
    "locations": [
     {
      "start": {
       "line": 35,
       "column": 6
      },
      "end": {
       "line": 36,
       "column": 20
      }
     },
     {
      "start": {
       "line": 37,
       "column": 6
      },
      "end": {
       "line": 38,
       "column": 20
      }
     },
     {
      "start": {
       "line": 39,
       "column": 6
      },
      "end": {
       "line": 40,
       "column": 19
      }
     },
     {
      "start": {
       "line": 41,
       "column": 6
      },
      "end": {
       "line": 42,
       "column": 20
      }
     },
     {
      "start": {
       "line": 43,
       "column": 6
      },
      "end": {
       "line": 44,
       "column": 19
      }
     },
     {
      "start": {
       "line": 45,
       "column": 6
      },
      "end": {
       "line": 46,
       "column": 20
      }
     },
     {
      "start": {
       "line": 47,
       "column": 6
      },
      "end": {
       "line": 48,
       "column": 20
      }
     },
     {
      "start": {
       "line": 49,
       "column": 6
      },
      "end": {
       "line": 50,
       "column": 20
      }
     },
     {
      "start": {
       "line": 51,
       "column": 6
      },
      "end": {
       "line": 52,
       "column": 18
      }
     }
    ]
   },
   "3": {
    "line": 57,
    "type": "if",
    "locations": [
     {
      "start": {
       "line": 57,
       "column": 4
      },
      "end": {
       "line": 57,
       "column": 4
      }
     },
     {
      "start": {
       "line": 57,
       "column": 4
      },
      "end": {
       "line": 57,
       "column": 4
      }
     }
    ]
   },
   "4": {
    "line": 59,
    "type": "if",
    "locations": [
     {
      "start": {
       "line": 59,
       "column": 4
      },
      "end": {
       "line": 59,
       "column": 4
      }
     },
     {
      "start": {
       "line": 59,
       "column": 4
      },
      "end": {
       "line": 59,
       "column": 4
      }
     }
    ]
   },
   "5": {
    "line": 59,
    "type": "binary-expr",
    "locations": [
     {
      "start": {
       "line": 59,
       "column": 8
      },
      "end": {
       "line": 59,
       "column": 37
      }
     },
     {
      "start": {
       "line": 59,
       "column": 41
      },
      "end": {
       "line": 59,
       "column": 67
      }
     },
     {
      "start": {
       "line": 59,
       "column": 71
      },
      "end": {
       "line": 59,
       "column": 103
      }
     }
    ]
   },
   "6": {
    "line": 61,
    "type": "if",
    "locations": [
     {
      "start": {
       "line": 61,
       "column": 4
      },
      "end": {
       "line": 61,
       "column": 4
      }
     },
     {
      "start": {
       "line": 61,
       "column": 4
      },
      "end": {
       "line": 61,
       "column": 4
      }
     }
    ]
   },
   "7": {
    "line": 61,
    "type": "binary-expr",
    "locations": [
     {
      "start": {
       "line": 61,
       "column": 8
      },
      "end": {
       "line": 61,
       "column": 40
      }
     },
     {
      "start": {
       "line": 61,
       "column": 44
      },
      "end": {
       "line": 61,
       "column": 77
      }
     }
    ]
   },
   "8": {
    "line": 63,
    "type": "if",
    "locations": [
     {
      "start": {
       "line": 63,
       "column": 11
      },
      "end": {
       "line": 63,
       "column": 11
      }
     },
     {
      "start": {
       "line": 63,
       "column": 11
      },
      "end": {
       "line": 63,
       "column": 11
      }
     }
    ]
   },
   "9": {
    "line": 68,
    "type": "if",
    "locations": [
     {
      "start": {
       "line": 68,
       "column": 11
      },
      "end": {
       "line": 68,
       "column": 11
      }
     },
     {
      "start": {
       "line": 68,
       "column": 11
      },
      "end": {
       "line": 68,
       "column": 11
      }
     }
    ]
   },
   "10": {
    "line": 70,
    "type": "if",
    "locations": [
     {
      "start": {
       "line": 70,
       "column": 11
      },
      "end": {
       "line": 70,
       "column": 11
      }
     },
     {
      "start": {
       "line": 70,
       "column": 11
      },
      "end": {
       "line": 70,
       "column": 11
      }
     }
    ]
   },
   "11": {
    "line": 70,
    "type": "binary-expr",
    "locations": [
     {
      "start": {
       "line": 70,
       "column": 15
      },
      "end": {
       "line": 70,
       "column": 46
      }
     },
     {
      "start": {
       "line": 70,
       "column": 50
      },
      "end": {
       "line": 70,
       "column": 63
      }
     }
    ]
   },
   "12": {
    "line": 73,
    "type": "if",
    "locations": [
     {
      "start": {
       "line": 73,
       "column": 11
      },
      "end": {
       "line": 73,
       "column": 11
      }
     },
     {
      "start": {
       "line": 73,
       "column": 11
      },
      "end": {
       "line": 73,
       "column": 11
      }
     }
    ]
   },
   "13": {
    "line": 73,
    "type": "binary-expr",
    "locations": [
     {
      "start": {
       "line": 73,
       "column": 15
      },
      "end": {
       "line": 73,
       "column": 46
      }
     },
     {
      "start": {
       "line": 73,
       "column": 50
      },
      "end": {
       "line": 73,
       "column": 64
      }
     }
    ]
   },
   "14": {
    "line": 75,
    "type": "if",
    "locations": [
     {
      "start": {
       "line": 75,
       "column": 6
      },
      "end": {
       "line": 75,
       "column": 6
      }
     },
     {
      "start": {
       "line": 75,
       "column": 6
      },
      "end": {
       "line": 75,
       "column": 6
      }
     }
    ]
   },
   "15": {
    "line": 75,
    "type": "binary-expr",
    "locations": [
     {
      "start": {
       "line": 75,
       "column": 10
      },
      "end": {
       "line": 75,
       "column": 22
      }
     },
     {
      "start": {
       "line": 75,
       "column": 26
      },
      "end": {
       "line": 75,
       "column": 53
      }
     },
     {
      "start": {
       "line": 75,
       "column": 57
      },
      "end": {
       "line": 75,
       "column": 85
      }
     }
    ]
   },
   "16": {
    "line": 77,
    "type": "if",
    "locations": [
     {
      "start": {
       "line": 77,
       "column": 11
      },
      "end": {
       "line": 77,
       "column": 11
      }
     },
     {
      "start": {
       "line": 77,
       "column": 11
      },
      "end": {
       "line": 77,
       "column": 11
      }
     }
    ]
   },
   "17": {
    "line": 79,
    "type": "if",
    "locations": [
     {
      "start": {
       "line": 79,
       "column": 11
      },
      "end": {
       "line": 79,
       "column": 11
      }
     },
     {
      "start": {
       "line": 79,
       "column": 11
      },
      "end": {
       "line": 79,
       "column": 11
      }
     }
    ]
   },
   "18": {
    "line": 81,
    "type": "if",
    "locations": [
     {
      "start": {
       "line": 81,
       "column": 6
      },
      "end": {
       "line": 81,
       "column": 6
      }
     },
     {
      "start": {
       "line": 81,
       "column": 6
      },
      "end": {
       "line": 81,
       "column": 6
      }
     }
    ]
   },
   "19": {
    "line": 83,
    "type": "if",
    "locations": [
     {
      "start": {
       "line": 83,
       "column": 11
      },
      "end": {
       "line": 83,
       "column": 11
      }
     },
     {
      "start": {
       "line": 83,
       "column": 11
      },
      "end": {
       "line": 83,
       "column": 11
      }
     }
    ]
   },
   "20": {
    "line": 85,
    "type": "if",
    "locations": [
     {
      "start": {
       "line": 85,
       "column": 11
      },
      "end": {
       "line": 85,
       "column": 11
      }
     },
     {
      "start": {
       "line": 85,
       "column": 11
      },
      "end": {
       "line": 85,
       "column": 11
      }
     }
    ]
   },
   "21": {
    "line": 97,
    "type": "if",
    "locations": [
     {
      "start": {
       "line": 97,
       "column": 2
      },
      "end": {
       "line": 97,
       "column": 2
      }
     },
     {
      "start": {
       "line": 97,
       "column": 2
      },
      "end": {
       "line": 97,
       "column": 2
      }
     }
    ]
   },
   "22": {
    "line": 97,
    "type": "binary-expr",
    "locations": [
     {
      "start": {
       "line": 97,
       "column": 6
      },
      "end": {
       "line": 97,
       "column": 41
      }
     },
     {
      "start": {
       "line": 97,
       "column": 45
      },
      "end": {
       "line": 97,
       "column": 66
      }
     }
    ]
   },
   "23": {
    "line": 100,
    "type": "if",
    "locations": [
     {
      "start": {
       "line": 100,
       "column": 4
      },
      "end": {
       "line": 100,
       "column": 4
      }
     },
     {
      "start": {
       "line": 100,
       "column": 4
      },
      "end": {
       "line": 100,
       "column": 4
      }
     }
    ]
   },
   "24": {
    "line": 104,
    "type": "if",
    "locations": [
     {
      "start": {
       "line": 104,
       "column": 6
      },
      "end": {
       "line": 104,
       "column": 6
      }
     },
     {
      "start": {
       "line": 104,
       "column": 6
      },
      "end": {
       "line": 104,
       "column": 6
      }
     }
    ]
   },
[...]
       "column": 9
      }
     }
    ]
   },
   "8": {
    "line": 107,
    "type": "if",
    "locations": [
     {
      "start": {
       "line": 107,
       "column": 2
      },
      "end": {
       "line": 107,
       "column": 2
      }
     },
     {
      "start": {
       "line": 107,
       "column": 2
      },
      "end": {
       "line": 107,
       "column": 2
      }
     }
    ]
   },
   "9": {
    "line": 109,
    "type": "if",
    "locations": [
     {
      "start": {
       "line": 109,
       "column": 4
      },
      "end": {
       "line": 109,
       "column": 4
      }
     },
     {
      "start": {
       "line": 109,
       "column": 4
      },
      "end": {
       "line": 109,
       "column": 4
      }
     }
    ]
   },
   "10": {
    "line": 117,
    "type": "if",
    "locations": [
     {
      "start": {
       "line": 117,
       "column": 2
      },
      "end": {
       "line": 117,
       "column": 2
      }
     },
     {
      "start": {
       "line": 117,
       "column": 2
      },
      "end": {
       "line": 117,
       "column": 2
      }
     }
    ]
   },
   "11": {
    "line": 126,
    "type": "if",
    "locations": [
     {
      "start": {
       "line": 126,
       "column": 4
      },
      "end": {
       "line": 126,
       "column": 4
      }
     },
     {
      "start": {
       "line": 126,
       "column": 4
      },
      "end": {
       "line": 126,
       "column": 4
      }
     }
    ]
   },
   "12": {
    "line": 127,
    "type": "if",
    "locations": [
     {
      "start": {
       "line": 127,
       "column": 6
      },
      "end": {
       "line": 127,
       "column": 6
      }
     },
     {
      "start": {
       "line": 127,
       "column": 6
      },
      "end": {
       "line": 127,
       "column": 6
      }
     }
    ]
   },
   "13": {
    "line": 145,
    "type": "if",
    "locations": [
     {
      "start": {
       "line": 145,
       "column": 4
      },
      "end": {
       "line": 145,
       "column": 4
      }
     },
     {
      "start": {
       "line": 145,
       "column": 4
      },
      "end": {
       "line": 145,
       "column": 4
      }
     }
    ]
   },
   "14": {
    "line": 155,
    "type": "if",
    "locations": [
     {
      "start": {
       "line": 155,
       "column": 4
      },
      "end": {
       "line": 155,
       "column": 4
      }
     },
     {
      "start": {
       "line": 155,
       "column": 4
      },
      "end": {
       "line": 155,
       "column": 4
      }
     }
    ]
   },
   "15": {
    "line": 155,
    "type": "binary-expr",
    "locations": [
     {
      "start": {
       "line": 155,
       "column": 8
      },
      "end": {
       "line": 155,
       "column": 38
      }
     },
     {
      "start": {
       "line": 155,
       "column": 42
      },
      "end": {
       "line": 155,
       "column": 59
      }
     }
    ]
   },
   "16": {
    "line": 156,
    "type": "if",
    "locations": [
     {
      "start": {
       "line": 156,
       "column": 4
      },
      "end": {
       "line": 156,
       "column": 4
      }
     },
     {
      "start": {
       "line": 156,
       "column": 4
      },
      "end": {
       "line": 156,
       "column": 4
      }
     }
    ]
   },
   "17": {
    "line": 185,
    "type": "if",
    "locations": [
     {
      "start": {
       "line": 185,
       "column": 4
      },
      "end": {
       "line": 185,
       "column": 4
      }
     },
     {
      "start": {
       "line": 185,
       "column": 4
      },
      "end": {
       "line": 185,
       "column": 4
      }
     }
    ]
   },
   "18": {
    "line": 193,
    "type": "if",
    "locations": [
     {
      "start": {
       "line": 193,
       "column": 4
      },
      "end": {
       "line": 193,
       "column": 4
      }
     },
     {
      "start": {
       "line": 193,
       "column": 4
      },
      "end": {
       "line": 193,
       "column": 4
      }
     }
    ]
   },
   "19": {
    "line": 200,
    "type": "if",
    "locations": [
     {
      "start": {
       "line": 200,
       "column": 6
      },
      "end": {
       "line": 200,
       "column": 6
      }
     },
     {
      "start": {
       "line": 200,
       "column": 6
      },
      "end": {
       "line": 200,
       "column": 6
      }
     }
    ]
   },
   "20": {
    "line": 204,
    "type": "if",
    "locations": [
     {
      "start": {
       "line": 204,
       "column": 6
      },
      "end": {
       "line": 204,
       "column": 6
      }
     },
     {
      "start": {
       "line": 204,
       "column": 6
      },
      "end": {
       "line": 204,
       "column": 6
      }
     }
    ]
   },
   "21": {
    "line": 210,
    "type": "if",
    "locations": [
     {
      "start": {
       "line": 210,
       "column": 6
      },
      "end": {
       "line": 210,
       "column": 6
      }
     },
     {
      "start": {
       "line": 210,
       "column": 6
      },
      "end": {
       "line": 210,
       "column": 6
      }
     }
    ]
   },
   "22": {
    "line": 217,
    "type": "cond-expr",
    "locations": [
     {
      "start": {
       "line": 217,
       "column": 47
      },
      "end": {
       "line": 217,
       "column": 69
      }
     },
     {
      "start": {
       "line": 217,
       "column": 72
      },
      "end": {
       "line": 217,
       "column": 74
      }
     }
    ]
   },
   "23": {
    "line": 224,
    "type": "if",
    "locations": [
     {
      "start": {
       "line": 224,
       "column": 6
      },
      "end": {
       "line": 224,
       "column": 6
      }
     },
     {
      "start": {
       "line": 224,
       "column": 6
      },
      "end": {
       "line": 224,
       "column": 6
      }
     }
    ]
   },
   "24": {
    "line": 225,
    "type": "if",
    "locations": [
     {
      "start": {
       "line": 225,
       "column": 6
      },
      "end": {
       "line": 225,
       "column": 6
      }
     },
     {
      "start": {
       "line": 225,
       "column": 6
      },
      "end": {
       "line": 225,
       "column": 6
      }
     }
    ]
   },
   "25": {
    "line": 230,
    "type": "if",
    "locations": [
     {
      "start": {
       "line": 230,
       "column": 6
      },
      "end": {
       "line": 230,
       "column": 6
      }
     },
     {
      "start": {
       "line": 230,
       "column": 6
      },
      "end": {
       "line": 230,
       "column": 6
      }
     }
    ]
   },
   "26": {
    "line": 237,
    "type": "binary-expr",
    "locations": [
     {
      "start": {
       "line": 237,
       "column": 22
      },
      "end": {
       "line": 237,
       "column": 37
      }
     },
     {
      "start": {
       "line": 237,
       "column": 41
      },
      "end": {
       "line": 237,
       "column": 106
      }
     }
    ]
   },
   "27": {
    "line": 238,
    "type": "if",
    "locations": [
     {
      "start": {
       "line": 238,
       "column": 6
      },
      "end": {
       "line": 238,
       "column": 6
      }
     },
     {
      "start": {
       "line": 238,
       "column": 6
      },
      "end": {
       "line": 238,
       "column": 6
      }
     }
    ]
   },
   "28": {
    "line": 239,
    "type": "binary-expr",
    "locations": [
     {
      "start": {
       "line": 239,
       "column": 21
      },
      "end": {
       "line": 239,
       "column": 36
      }
     },
     {
      "start": {
       "line": 239,
       "column": 40
      },
      "end": {
       "line": 239,
       "column": 104
      }
     }
    ]
   },
   "29": {
    "line": 240,
    "type": "if",
    "locations": [
     {
      "start": {
       "line": 240,
       "column": 6
      },
      "end": {
       "line": 240,
       "column": 6
      }
     },
     {
      "start": {
       "line": 240,
       "column": 6
      },
      "end": {
       "line": 240,
       "column": 6
      }
     }
    ]
   },
   "30": {
    "line": 247,
    "type": "if",
    "locations": [
     {
      "start": {
       "line": 247,
       "column": 6
      },
      "end": {
       "line": 247,
       "column": 6
      }
     },
     {
      "start": {
       "line": 247,
       "column": 6
      },
      "end": {
       "line": 247,
       "column": 6
      }
     }
    ]
   },
   "31": {
    "line": 254,
    "type": "if",
    "locations": [
     {
      "start": {
       "line": 254,
       "column": 6
      },
      "end": {
       "line": 254,
       "column": 6
      }
     },
     {
      "start": {
       "line": 254,
       "column": 6
      },
      "end": {
       "line": 254,
       "column": 6
      }
     }
    ]
   },
   "32": {
    "line": 254,
    "type": "binary-expr",
    "locations": [
     {
      "start": {
       "line": 254,
       "column": 10
      },
      "end": {
       "line": 254,
       "column": 15
      }
     },
     {
      "start": {
       "line": 254,
       "column": 19
      },
      "end": {
       "line": 254,
       "column": 25
      }
     }
    ]
   },
   "33": {
    "line": 256,
    "type": "if",
    "locations": [
     {
      "start": {
       "line": 256,
       "column": 13
      },
      "end": {
       "line": 256,
       "column": 13
      }
     },
     {
      "start": {
       "line": 256,
       "column": 13
      },
      "end": {
       "line": 256,
       "column": 13
      }
     }
    ]
   },
   "34": {
    "line": 258,
    "type": "if",
    "locations": [
     {
      "start": {
       "line": 258,
       "column": 13
      },
      "end": {
       "line": 258,
       "column": 13
      }
     },
     {
      "start": {
       "line": 258,
       "column": 13
      },
      "end": {
       "line": 258,
       "column": 13
      }
     }
    ]
   },
   "35": {
    "line": 262,
    "type": "binary-expr",
    "locations": [
     {
      "start": {
       "line": 262,
       "column": 21
      },
      "end": {
       "line": 262,
       "column": 27
      }
     },
     {
      "start": {
       "line": 262,
       "column": 31
      },
      "end": {
       "line": 262,
       "column": 91
      }
     }
    ]
   },
   "36": {
    "line": 263,
    "type": "binary-expr",
    "locations": [
     {
      "start": {
       "line": 263,
       "column": 20
      },
      "end": {
       "line": 263,
       "column": 25
      }
     },
     {
      "start": {
       "line": 263,
       "column": 29
      },
      "end": {
       "line": 263,
       "column": 88
      }
     }
    ]
   },
   "37": {
    "line": 271,
    "type": "if",
    "locations": [
     {
      "start": {
       "line": 271,
       "column": 6
      },
      "end": {
       "line": 271,
       "column": 6
      }
     },
     {
      "start": {
       "line": 271,
       "column": 6
      },
      "end": {
       "line": 271,
       "column": 6
      }
     }
    ]
   },
   "38": {
    "line": 275,
    "type": "if",
    "locations": [
     {
      "start": {
       "line": 275,
       "column": 6
      },
      "end": {
       "line": 275,
       "column": 6
      }
     },
     {
      "start": {
       "line": 275,
       "column": 6
      },
      "end": {
       "line": 275,
       "column": 6
      }
     }
    ]
   },
   "39": {
    "line": 275,
    "type": "binary-expr",
    "locations": [
     {
      "start": {
       "line": 275,
       "column": 10
      },
      "end": {
       "line": 275,
       "column": 18
      }
     },
     {
      "start": {
       "line": 275,
       "column": 22
      },
      "end": {
       "line": 275,
       "column": 31
      }
     }
    ]
   },
   "40": {
    "line": 283,
    "type": "cond-expr",
    "locations": [
     {
      "start": {
       "line": 283,
       "column": 45
      },
      "end": {
       "line": 283,
       "column": 67
      }
     },
     {
      "start": {
       "line": 283,
       "column": 70
      },
      "end": {
       "line": 283,
       "column": 72
      }
     }
    ]
   },
   "41": {
    "line": 289,
    "type": "if",
    "locations": [
     {
      "start": {
       "line": 289,
       "column": 6
      },
      "end": {
       "line": 289,
       "column": 6
      }
     },
     {
      "start": {
       "line": 289,
       "column": 6
      },
      "end": {
       "line": 289,
       "column": 6
      }
     }
    ]
   },
   "42": {
    "line": 290,
    "type": "if",
    "locations": [
     {
      "start": {
       "line": 290,
       "column": 11
      },
      "end": {
       "line": 290,
       "column": 11
      }
     },
     {
      "start": {
       "line": 290,
       "column": 11
      },
      "end": {
       "line": 290,
       "column": 11
      }
     }
    ]
   },
   "43": {
    "line": 291,
    "type": "if",
    "locations": [
     {
      "start": {
       "line": 291,
       "column": 11
      },
      "end": {
       "line": 291,
       "column": 11
      }
     },
     {
      "start": {
       "line": 291,
       "column": 11
      },
      "end": {
       "line": 291,
       "column": 11
      }
     }
    ]
   },
   "44": {
    "line": 292,
    "type": "if",
    "locations": [
     {
      "start": {
       "line": 292,
       "column": 11
      },
      "end": {
       "line": 292,
       "column": 11
      }
     },
     {
      "start": {
       "line": 292,
       "column": 11
      },
      "end": {
       "line": 292,
       "column": 11
      }
     }
    ]
   },
   "45": {
    "line": 293,
    "type": "if",
    "locations": [
     {
      "start": {
       "line": 293,
       "column": 11
      },
      "end": {
       "line": 293,
       "column": 11
      }
     },
     {
      "start": {
       "line": 293,
       "column": 11
      },
      "end": {
       "line": 293,
       "column": 11
      }
     }
    ]
   },
   "46": {
    "line": 294,
    "type": "if",
    "locations": [
     {
      "start": {
       "line": 294,
       "column": 11
      },
      "end": {
       "line": 294,
       "column": 11
      }
     },
     {
      "start": {
       "line": 294,
       "column": 11
      },
      "end": {
       "line": 294,
       "column": 11
      }
     }
    ]
   },
   "47": {
    "line": 297,
    "type": "cond-expr",
    "locations": [
     {
      "start": {
       "line": 297,
       "column": 262
      },
      "end": {
       "line": 297,
       "column": 271
      }
     },
     {
      "start": {
       "line": 297,
       "column": 274
      },
      "end": {
       "line": 297,
       "column": 293
      }
     }
    ]
   },
   "48": {
    "line": 308,
    "type": "cond-expr",
    "locations": [
     {
      "start": {
       "line": 308,
       "column": 47
      },
      "end": {
       "line": 308,
       "column": 69
      }
     },
     {
      "start": {
       "line": 308,
       "column": 72
      },
      "end": {
       "line": 308,
       "column": 74
      }
     }
    ]
   },
   "49": {
    "line": 330,
    "type": "if",
    "locations": [
     {
      "start": {
       "line": 330,
       "column": 4
      },
      "end": {
       "line": 330,
       "column": 4
      }
     },
     {
      "start": {
       "line": 330,
       "column": 4
      },
      "end": {
       "line": 330,
       "column": 4
      }
     }
    ]
   },
   "50": {
    "line": 330,
    "type": "binary-expr",
    "locations": [
     {
      "start": {
       "line": 330,
       "column": 8
      },
      "end": {
       "line": 330,
       "column": 35
      }
     },
     {
      "start": {
       "line": 330,
       "column": 39
      },
      "end": {
       "line": 330,
       "column": 50
      }
     },
     {
      "start": {
       "line": 330,
       "column": 54
      },
      "end": {
       "line": 330,
       "column": 69
      }
     }
    ]
   },
   "51": {
    "line": 353,
    "type": "if",
    "locations": [
     {
      "start": {
       "line": 353,
       "column": 4
      },
      "end": {
       "line": 353,
       "column": 4
      }
     },
     {
      "start": {
       "line": 353,
       "column": 4
      },
      "end": {
       "line": 353,
       "column": 4
      }
     }
    ]
   },
   "52": {
    "line": 353,
    "type": "binary-expr",
    "locations": [
     {
      "start": {
       "line": 353,
       "column": 8
      },
      "end": {
       "line": 353,
       "column": 23
      }
     },
     {
      "start": {
       "line": 353,
       "column": 27
      },
      "end": {
       "line": 353,
       "column": 44
      }
     },
     {
      "start": {
       "line": 353,
       "column": 48
      },
      "end": {
       "line": 353,
       "column": 88
      }
     }
    ]
   },
   "53": {
    "line": 421,
    "type": "if",
    "locations": [
     {
      "start": {
       "line": 421,
       "column": 4
      },
      "end": {
       "line": 421,
       "column": 4
      }
     },
     {
      "start": {
       "line": 421,
       "column": 4
      },
      "end": {
       "line": 421,
       "column": 4
      }
     }
    ]
   },
   "54": {
    "line": 422,
    "type": "if",
    "locations": [
     {
      "start": {
       "line": 422,
       "column": 4
      },
      "end": {
       "line": 422,
       "column": 4
      }
     },
     {
      "start": {
       "line": 422,
       "column": 4
      },
      "end": {
       "line": 422,
       "column": 4
      }
     }
    ]
   },
   "55": {
    "line": 423,
    "type": "if",
    "locations": [
     {
      "start": {
       "line": 423,
       "column": 4
      },
      "end": {
       "line": 423,
       "column": 4
      }
     },
     {
      "start": {
       "line": 423,
       "column": 4
      },
      "end": {
       "line": 423,
       "column": 4
      }
     }
    ]
   },
   "56": {
    "line": 423,
    "type": "binary-expr",
    "locations": [
     {
      "start": {
       "line": 423,
       "column": 8
      },
      "end": {
       "line": 423,
       "column": 56
      }
     },
     {
      "start": {
       "line": 423,
       "column": 60
      },
      "end": {
       "line": 423,
       "column": 94
      }
     }
    ]
   },
   "57": {
    "line": 424,
    "type": "if",
    "locations": [
     {
      "start": {
       "line": 424,
       "column": 9
      },
      "end": {
       "line": 424,
       "column": 9
      }
     },
     {
      "start": {
       "line": 424,
       "column": 9
      },
      "end": {
       "line": 424,
       "column": 9
      }
     }
    ]
   },
   "58": {
    "line": 424,
    "type": "binary-expr",
    "locations": [
     {
      "start": {
       "line": 424,
       "column": 13
      },
      "end": {
       "line": 424,
       "column": 39
      }
     },
     {
      "start": {
       "line": 424,
       "column": 43
      },
      "end": {
       "line": 424,
       "column": 55
      }
     }
    ]
   },
   "59": {
    "line": 426,
    "type": "if",
    "locations": [
     {
      "start": {
       "line": 426,
       "column": 6
      },
      "end": {
       "line": 426,
       "column": 6
      }
     },
     {
      "start": {
       "line": 426,
       "column": 6
      },
      "end": {
       "line": 426,
       "column": 6
      }
     }
    ]
   },
   "60": {
    "line": 462,
    "type": "if",
    "locations": [
     {
      "start": {
       "line": 462,
       "column": 4
      },
      "end": {
       "line": 462,
       "column": 4
      }
     },
     {
      "start": {
       "line": 462,
       "column": 4
      },
      "end": {
       "line": 462,
       "column": 4
      }
     }
    ]
   },
   "61": {
    "line": 477,
    "type": "if",
    "locations": [
     {
      "start": {
       "line": 477,
       "column": 2
      },
      "end": {
       "line": 477,
       "column": 2
      }
     },
     {
      "start": {
       "line": 477,
       "column": 2
      },
      "end": {
       "line": 477,
       "column": 2
      }
     }
    ]
   }
  }
 }
}