TN:
SF:src/js/converter/declarations.js
FN:12,(anonymous_1)
FN:21,(anonymous_2)
FN:22,(anonymous_3)
FN:27,(anonymous_4)
FN:29,(anonymous_5)
FN:50,(anonymous_6)
FN:269,(anonymous_7)
FNF:7
FNH:7
FNDA:1175,(anonymous_1)
FNDA:1161,(anonymous_2)
FNDA:596,(anonymous_3)
FNDA:999,(anonymous_4)
FNDA:7,(anonymous_5)
FNDA:363,(anonymous_6)
FNDA:404,(anonymous_7)
DA:7,1
DA:8,1
DA:9,1
DA:10,1
DA:12,1
DA:13,1175
DA:14,7657
DA:15,290
DA:18,885
DA:21,1
DA:22,1161
DA:23,596
DA:27,1
DA:28,999
DA:29,7
DA:30,7
DA:31,7
DA:32,7
DA:33,5
DA:35,2
DA:37,7
DA:38,7
DA:39,7
DA:41,0
DA:44,7
DA:46,992
DA:50,1
DA:51,363
DA:52,363
DA:53,363
DA:54,363
DA:55,273
DA:59,273
DA:60,273
DA:62,363
DA:63,1211
DA:64,1210
DA:65,33
DA:66,33
DA:68,1177
DA:69,1177
DA:71,468
DA:73,468
DA:74,468
DA:75,468
DA:77,468
DA:78,468
DA:79,468
DA:80,468
DA:82,468
DA:83,12
DA:84,12
DA:85,12
DA:88,456
DA:90,454
DA:91,454
DA:92,454
DA:93,175
DA:94,175
DA:95,175
DA:96,279
DA:97,276
DA:98,276
DA:99,276
DA:101,3
DA:102,3
DA:103,3
DA:104,2
DA:106,1
DA:108,0
DA:109,0
DA:110,0
DA:112,0
DA:115,0
DA:119,454
DA:120,2
DA:121,2
DA:123,452
DA:125,452
DA:127,452
DA:128,452
DA:130,4
DA:131,4
DA:134,448
DA:138,448
DA:139,47
DA:140,47
DA:142,47
DA:143,47
DA:149,448
DA:150,448
DA:151,448
DA:152,440
DA:153,440
DA:155,8
DA:156,1
DA:159,447
DA:160,11
DA:161,11
DA:162,8
DA:164,3
DA:165,3
DA:169,444
DA:170,50
DA:174,456
DA:176,444
DA:178,444
DA:179,397
DA:182,47
DA:184,47
DA:185,47
DA:188,0
DA:189,0
DA:196,709
DA:197,709
DA:198,3
DA:199,3
DA:200,3
DA:201,3
DA:203,0
DA:204,0
DA:210,709
DA:211,709
DA:212,709
DA:214,709
DA:215,709
DA:216,296
DA:217,296
DA:220,709
DA:221,261
DA:222,261
DA:224,448
DA:231,351
DA:232,244
DA:233,0
DA:234,0
DA:235,0
DA:237,244
DA:239,244
DA:240,244
DA:241,244
DA:245,351
DA:247,5
DA:248,5
DA:249,1
DA:250,1
DA:251,1
DA:253,5
DA:256,1
DA:257,1
DA:258,1
DA:259,1
DA:263,5
DA:266,346
DA:269,1
DA:270,404
DA:271,404
DA:272,572
DA:273,572
DA:274,417
DA:276,404
DA:279,1
LF:162
LH:149
BRDA:14,1,0,290
BRDA:14,1,1,7367
BRDA:14,2,0,7657
BRDA:14,2,1,7654
BRDA:28,3,0,7
BRDA:28,3,1,992
BRDA:32,4,0,5
BRDA:32,4,1,2
BRDA:32,5,0,7
BRDA:32,5,1,4
BRDA:38,6,0,7
BRDA:38,6,1,0
BRDA:51,7,0,17
BRDA:51,7,1,346
BRDA:51,8,0,363
BRDA:51,8,1,17
BRDA:54,9,0,273
BRDA:54,9,1,90
BRDA:63,10,0,1210
BRDA:63,10,1,1
BRDA:64,11,0,33
BRDA:64,11,1,1177
BRDA:64,12,0,1210
BRDA:64,12,1,92
BRDA:64,12,2,35
BRDA:65,13,0,32
BRDA:65,13,1,1
BRDA:69,14,0,468
BRDA:69,14,1,709
BRDA:71,15,0,203
BRDA:71,15,1,265
BRDA:71,16,0,468
BRDA:71,16,1,215
BRDA:77,17,0,468
BRDA:77,17,1,460
BRDA:82,18,0,12
BRDA:82,18,1,456
BRDA:85,19,0,0
BRDA:85,19,1,12
BRDA:88,20,0,2
BRDA:88,20,1,454
BRDA:88,21,0,456
BRDA:88,21,1,280
BRDA:88,21,2,180
BRDA:88,21,3,3
BRDA:92,22,0,175
BRDA:92,22,1,279
BRDA:96,23,0,276
BRDA:96,23,1,3
BRDA:98,24,0,267
BRDA:98,24,1,9
BRDA:102,25,0,3
BRDA:102,25,1,0
BRDA:103,26,0,2
BRDA:103,26,1,1
BRDA:108,27,0,0
BRDA:108,27,1,0
BRDA:109,28,0,0
BRDA:109,28,1,0
BRDA:119,29,0,2
BRDA:119,29,1,452
BRDA:119,30,0,454
BRDA:119,30,1,269
BRDA:134,31,0,300
BRDA:134,31,1,148
BRDA:134,32,0,448
BRDA:134,32,1,445
BRDA:138,33,0,47
BRDA:138,33,1,401
BRDA:138,34,0,448
BRDA:138,34,1,175
BRDA:142,35,0,47
BRDA:142,35,1,0
BRDA:142,36,0,47
BRDA:142,36,1,47
BRDA:151,37,0,440
BRDA:151,37,1,8
BRDA:155,38,0,1
BRDA:155,38,1,7
BRDA:159,39,0,11
BRDA:159,39,1,436
BRDA:162,40,0,4
BRDA:162,40,1,4
BRDA:169,41,0,394
BRDA:169,41,1,50
BRDA:174,42,0,444
BRDA:174,42,1,12
BRDA:178,43,0,397
BRDA:178,43,1,47
BRDA:178,44,0,444
BRDA:178,44,1,397
BRDA:184,45,0,37
BRDA:184,45,1,10
BRDA:197,46,0,3
BRDA:197,46,1,706
BRDA:198,47,0,0
BRDA:198,47,1,3
BRDA:198,48,0,3
BRDA:198,48,1,0
BRDA:199,49,0,3
BRDA:199,49,1,0
BRDA:212,50,0,430
BRDA:212,50,1,279
BRDA:215,51,0,296
BRDA:215,51,1,413
BRDA:220,52,0,261
BRDA:220,52,1,448
BRDA:231,53,0,244
BRDA:231,53,1,107
BRDA:231,54,0,351
BRDA:231,54,1,244
BRDA:233,55,0,0
BRDA:233,55,1,0
BRDA:240,56,0,0
BRDA:240,56,1,244
BRDA:245,57,0,5
BRDA:245,57,1,346
BRDA:249,58,0,1
BRDA:249,58,1,0
BRDA:253,59,0,4
BRDA:253,59,1,1
BRDA:256,60,0,1
BRDA:256,60,1,0
BRDA:272,61,0,572
BRDA:272,61,1,0
BRDA:273,62,0,155
BRDA:273,62,1,417
BRF:127
BRH:110
end_of_record
TN:
SF:src/js/converter/utils.js
FN:14,(anonymous_1)
FN:18,(anonymous_2)
FN:32,(anonymous_3)
FN:33,mapOperator
FN:56,gen
FN:64,(anonymous_6)
FN:95,(anonymous_7)
FN:113,(anonymous_8)
FN:145,(anonymous_9)
FNF:9
FNH:9
FNDA:450,(anonymous_1)
FNDA:617,(anonymous_2)
FNDA:212,(anonymous_3)
FNDA:46,mapOperator
FNDA:515,gen
FNDA:13,(anonymous_6)
FNDA:452,(anonymous_7)
FNDA:453,(anonymous_8)
FNDA:135,(anonymous_9)
DA:2,1
DA:3,1
DA:5,1
DA:6,1
DA:7,1
DA:8,1
DA:9,1
DA:10,1
DA:11,1
DA:12,1
DA:14,1
DA:15,450
DA:18,1
DA:19,617
DA:20,617
DA:21,617
DA:22,4599
DA:23,617
DA:24,617
DA:25,4569
DA:26,608
DA:27,9
DA:28,617
DA:29,617
DA:32,1
DA:33,1
DA:34,46
DA:36,2
DA:38,4
DA:40,3
DA:42,1
DA:44,5
DA:46,1
DA:48,11
DA:50,1
DA:52,18
DA:56,1
DA:57,515
DA:59,515
DA:61,515
DA:62,46
DA:63,469
DA:64,12
DA:65,13
DA:67,12
DA:68,457
DA:69,1
DA:70,456
DA:71,0
DA:73,456
DA:74,89
DA:75,89
DA:76,13
DA:77,367
DA:78,76
DA:79,291
DA:80,286
DA:81,286
DA:82,182
DA:83,5
DA:84,1
DA:85,4
DA:86,4
DA:88,0
DA:92,212
DA:95,1
DA:96,452
DA:97,452
DA:98,435
DA:99,435
DA:100,435
DA:102,70
DA:103,70
DA:104,70
DA:106,3
DA:107,3
DA:111,449
DA:112,449
DA:113,449
DA:115,453
DA:116,451
DA:117,451
DA:118,451
DA:119,451
DA:120,434
DA:121,434
DA:123,0
DA:127,451
DA:128,77
DA:129,77
DA:130,76
DA:132,374
DA:134,448
DA:136,448
DA:137,0
DA:139,448
DA:141,1
DA:145,1
DA:146,135
DA:147,135
DA:148,132
DA:151,1
LF:102
LH:98
BRDA:24,1,0,608
BRDA:24,1,1,9
BRDA:34,2,0,2
BRDA:34,2,1,4
BRDA:34,2,2,3
BRDA:34,2,3,1
BRDA:34,2,4,5
BRDA:34,2,5,1
BRDA:34,2,6,11
BRDA:34,2,7,1
BRDA:34,2,8,18
BRDA:57,3,0,212
BRDA:57,3,1,303
BRDA:59,4,0,14
BRDA:59,4,1,501
BRDA:59,5,0,515
BRDA:59,5,1,74
BRDA:59,5,2,67
BRDA:61,6,0,46
BRDA:61,6,1,469
BRDA:61,7,0,515
BRDA:61,7,1,470
BRDA:63,8,0,12
BRDA:63,8,1,457
BRDA:68,9,0,1
BRDA:68,9,1,456
BRDA:70,10,0,0
BRDA:70,10,1,456
BRDA:70,11,0,456
BRDA:70,11,1,89
BRDA:73,12,0,89
BRDA:73,12,1,367
BRDA:73,13,0,456
BRDA:73,13,1,89
BRDA:75,14,0,76
BRDA:75,14,1,13
BRDA:75,15,0,89
BRDA:75,15,1,88
BRDA:75,15,2,77
BRDA:77,16,0,76
BRDA:77,16,1,291
BRDA:79,17,0,286
BRDA:79,17,1,5
BRDA:81,18,0,104
BRDA:81,18,1,182
BRDA:83,19,0,1
BRDA:83,19,1,4
BRDA:85,20,0,4
BRDA:85,20,1,0
BRDA:97,21,0,435
BRDA:97,21,1,17
BRDA:97,22,0,452
BRDA:97,22,1,442
BRDA:100,23,0,365
BRDA:100,23,1,70
BRDA:104,24,0,3
BRDA:104,24,1,67
BRDA:115,25,0,2
BRDA:115,25,1,451
BRDA:117,26,0,451
BRDA:117,26,1,374
BRDA:119,27,0,434
BRDA:119,27,1,17
BRDA:120,28,0,434
BRDA:120,28,1,0
BRDA:127,29,0,77
BRDA:127,29,1,374
BRDA:136,30,0,0
BRDA:136,30,1,448
BRDA:136,31,0,448
BRDA:136,31,1,0
BRDA:136,31,2,0
BRF:72
BRH:66
end_of_record
TN:
SF:src/js/converter/domutils.js
FN:9,_extend
FN:20,(anonymous_2)
FN:28,(anonymous_3)
FN:35,(anonymous_4)
FN:40,(anonymous_5)
FN:45,(anonymous_6)
FN:51,(anonymous_7)
FN:56,(anonymous_8)
FN:66,(anonymous_9)
FN:71,(anonymous_10)
FN:76,(anonymous_11)
FNF:11
FNH:11
FNDA:293,_extend
FNDA:293,(anonymous_2)
FNDA:1405,(anonymous_3)
FNDA:620,(anonymous_4)
FNDA:456,(anonymous_5)
FNDA:2,(anonymous_6)
FNDA:95,(anonymous_7)
FNDA:54,(anonymous_8)
FNDA:72,(anonymous_9)
FNDA:54,(anonymous_10)
FNDA:3,(anonymous_11)
DA:7,1
DA:9,1
DA:10,293
DA:11,293
DA:12,2181
DA:13,2181
DA:17,293
DA:20,1
DA:21,293
DA:22,0
DA:24,293
DA:28,1
DA:29,1405
DA:30,1405
DA:31,1405
DA:35,1
DA:36,620
DA:40,1
DA:41,456
DA:45,1
DA:46,2
DA:51,1
DA:52,95
DA:56,1
DA:60,54
DA:61,54
DA:62,0
DA:66,1
DA:67,72
DA:71,1
DA:72,54
DA:76,1
DA:77,3
DA:79,3
DA:82,1
LF:35
LH:33
BRDA:10,1,0,293
BRDA:10,1,1,0
BRDA:12,2,0,2181
BRDA:12,2,1,0
BRDA:21,3,0,0
BRDA:21,3,1,293
BRDA:30,4,0,595
BRDA:30,4,1,810
BRDA:60,5,0,0
BRDA:60,5,1,54
BRDA:60,6,0,54
BRDA:60,6,1,0
BRDA:61,7,0,54
BRDA:61,7,1,0
BRDA:77,8,0,0
BRDA:77,8,1,3
BRDA:77,9,0,3
BRDA:77,9,1,2
BRF:18
BRH:11
end_of_record
TN:
SF:src/js/converter/stylesheet.js
FN:35,(anonymous_1)
FN:122,(anonymous_2)
FNF:2
FNH:2
FNDA:4,(anonymous_1)
FNDA:28,(anonymous_2)
DA:8,1
DA:9,1
DA:10,1
DA:11,1
DA:35,1
DA:36,4
DA:38,4
DA:39,122
DA:40,117
DA:41,117
DA:42,117
DA:43,117
DA:44,131
DA:45,26
DA:47,105
DA:50,117
DA:51,1
DA:52,1
DA:54,116
DA:55,0
DA:56,0
DA:58,116
DA:59,104
DA:60,104
DA:78,104
DA:79,219
DA:80,219
DA:81,118
DA:82,118
DA:83,97
DA:84,80
DA:98,80
DA:104,104
DA:105,104
DA:108,116
DA:109,12
DA:110,25
DA:111,25
DA:112,25
DA:122,1
DA:123,28
DA:124,28
DA:126,28
DA:127,25
DA:131,25
DA:132,0
DA:133,0
DA:135,25
DA:142,28
DA:144,28
DA:145,98
DA:146,4
DA:147,3
DA:154,94
DA:155,3
DA:156,91
DA:158,87
DA:159,86
DA:160,86
DA:161,86
DA:162,86
DA:163,130
DA:164,130
DA:165,130
DA:166,78
DA:167,77
DA:169,129
DA:171,85
DA:172,43
DA:173,43
DA:174,43
DA:175,43
DA:176,43
DA:177,37
DA:178,13
DA:180,37
DA:182,43
DA:183,40
DA:184,37
DA:185,43
DA:187,43
DA:191,85
DA:192,85
DA:193,85
DA:194,85
DA:196,85
DA:198,1
DA:200,96
DA:202,26
DA:205,1
LF:90
LH:86
BRDA:39,1,0,117
BRDA:39,1,1,5
BRDA:44,2,0,26
BRDA:44,2,1,105
BRDA:50,3,0,1
BRDA:50,3,1,116
BRDA:50,4,0,117
BRDA:50,4,1,13
BRDA:54,5,0,0
BRDA:54,5,1,116
BRDA:54,6,0,116
BRDA:54,6,1,104
BRDA:58,7,0,104
BRDA:58,7,1,12
BRDA:79,8,0,219
BRDA:79,8,1,0
BRDA:80,9,0,101
BRDA:80,9,1,118
BRDA:81,10,0,0
BRDA:81,10,1,118
BRDA:82,11,0,21
BRDA:82,11,1,97
BRDA:83,12,0,17
BRDA:83,12,1,80
BRDA:84,13,0,0
BRDA:84,13,1,80
BRDA:108,14,0,12
BRDA:108,14,1,104
BRDA:126,15,0,25
BRDA:126,15,1,3
BRDA:131,16,0,0
BRDA:131,16,1,25
BRDA:131,17,0,25
BRDA:131,17,1,25
BRDA:145,18,0,4
BRDA:145,18,1,94
BRDA:145,19,0,98
BRDA:145,19,1,5
BRDA:154,20,0,3
BRDA:154,20,1,91
BRDA:154,21,0,94
BRDA:154,21,1,92
BRDA:156,22,0,4
BRDA:156,22,1,87
BRDA:158,23,0,86
BRDA:158,23,1,1
BRDA:163,24,0,44
BRDA:163,24,1,86
BRDA:165,25,0,78
BRDA:165,25,1,52
BRDA:166,26,0,1
BRDA:166,26,1,77
BRDA:166,27,0,78
BRDA:166,27,1,34
BRDA:171,28,0,43
BRDA:171,28,1,42
BRDA:176,29,0,37
BRDA:176,29,1,6
BRDA:177,30,0,13
BRDA:177,30,1,24
BRDA:182,31,0,3
BRDA:182,31,1,40
BRDA:183,32,0,3
BRDA:183,32,1,37
BRDA:191,33,0,43
BRDA:191,33,1,42
BRDA:194,34,0,22
BRDA:194,34,1,63
BRF:68
BRH:63
end_of_record
TN:
SF:src/js/converter/model.js
FN:6,(anonymous_1)
FN:54,(anonymous_2)
FN:123,(anonymous_3)
FN:129,(anonymous_4)
FN:160,(anonymous_5)
FN:165,(anonymous_6)
FN:169,(anonymous_7)
FN:305,(anonymous_8)
FN:315,(anonymous_9)
FN:328,(anonymous_10)
FN:513,(anonymous_11)
FNF:11
FNH:10
FNDA:104,(anonymous_1)
FNDA:307,(anonymous_2)
FNDA:66,(anonymous_3)
FNDA:21,(anonymous_4)
FNDA:4,(anonymous_5)
FNDA:0,(anonymous_6)
FNDA:1731,(anonymous_7)
FNDA:2734,(anonymous_8)
FNDA:562,(anonymous_9)
FNDA:1137,(anonymous_10)
FNDA:2,(anonymous_11)
DA:3,1
DA:4,1
DA:6,1
DA:7,104
DA:8,104
DA:9,61
DA:10,0
DA:11,61
DA:12,59
DA:13,59
DA:14,2
DA:15,2
DA:16,2
DA:17,2
DA:18,2
DA:19,2
DA:21,0
DA:23,0
DA:24,0
DA:26,0
DA:28,2
DA:29,2
DA:30,2
DA:32,0
DA:33,2
DA:34,0
DA:37,2
DA:38,0
DA:40,0
DA:41,0
DA:42,0
DA:44,0
DA:46,0
DA:49,43
DA:50,43
DA:54,1
DA:55,307
DA:56,0
DA:57,0
DA:60,307
DA:61,112
DA:66,112
DA:67,112
DA:68,110
DA:69,24
DA:71,86
DA:77,307
DA:79,186
DA:81,186
DA:82,0
DA:84,186
DA:85,17
DA:87,17
DA:88,17
DA:89,17
DA:90,17
DA:92,17
DA:93,17
DA:96,186
DA:97,50
DA:101,50
DA:102,1
DA:103,1
DA:105,1
DA:106,1
DA:110,186
DA:113,381
DA:114,184
DA:117,307
DA:118,146
DA:123,1
DA:124,66
DA:125,66
DA:129,1
DA:130,21
DA:132,21
DA:133,304
DA:134,98
DA:135,98
DA:136,17
DA:137,81
DA:138,21
DA:139,60
DA:141,60
DA:144,0
DA:145,0
DA:149,21
DA:150,21
DA:151,21
DA:152,61
DA:153,61
DA:157,21
DA:160,1
DA:161,4
DA:162,4
DA:165,1
DA:166,0
DA:169,1
DA:171,1731
DA:173,257
DA:175,66
DA:176,66
DA:178,48
DA:182,18
DA:185,1474
DA:186,1474
DA:188,1474
DA:190,104
DA:191,78
DA:192,54
DA:194,24
DA:199,104
DA:200,47
DA:201,47
DA:202,47
DA:203,47
DA:204,57
DA:219,104
DA:220,104
DA:223,1474
DA:224,117
DA:225,117
DA:227,117
DA:228,0
DA:229,0
DA:232,117
DA:233,33
DA:236,117
DA:237,33
DA:240,117
DA:241,33
DA:244,117
DA:245,246
DA:246,246
DA:247,235
DA:248,235
DA:250,235
DA:251,235
DA:252,235
DA:254,235
DA:256,3
DA:257,3
DA:259,235
DA:261,47
DA:262,23
DA:263,18
DA:264,5
DA:269,235
DA:270,50
DA:272,49
DA:276,235
DA:277,217
DA:278,217
DA:279,191
DA:281,217
DA:284,235
DA:285,235
DA:288,117
DA:291,1474
DA:292,246
DA:293,246
DA:294,246
DA:295,1228
DA:296,4
DA:297,4
DA:299,1224
DA:300,1224
DA:305,1
DA:306,2734
DA:307,2734
DA:308,2734
DA:309,0
DA:310,0
DA:311,0
DA:315,1
DA:317,562
DA:319,562
DA:320,296
DA:321,296
DA:322,117
DA:324,266
DA:328,1
DA:329,1137
DA:330,1137
DA:331,1137
DA:333,1137
DA:334,0
DA:335,0
DA:336,0
DA:337,0
DA:339,0
DA:340,0
DA:342,0
DA:343,0
DA:344,0
DA:345,0
DA:347,0
DA:349,0
DA:351,1137
DA:352,0
DA:353,0
DA:354,0
DA:355,0
DA:356,1137
DA:357,569
DA:358,569
DA:359,569
DA:360,569
DA:361,568
DA:362,0
DA:363,0
DA:364,0
DA:366,568
DA:367,568
DA:368,568
DA:371,1137
DA:373,1137
DA:374,1137
DA:376,1137
DA:377,0
DA:378,0
DA:380,1137
DA:381,0
DA:382,0
DA:386,1137
DA:387,0
DA:388,0
DA:390,0
DA:394,1137
DA:395,1137
DA:396,0
DA:397,0
DA:398,0
DA:399,0
DA:401,1137
DA:402,1137
DA:405,1137
DA:408,1137
DA:410,87
DA:411,87
DA:412,87
DA:416,1137
DA:417,281
DA:420,1137
DA:421,1137
DA:422,1137
DA:423,1137
DA:424,460
DA:425,460
DA:426,460
DA:427,460
DA:428,0
DA:431,460
DA:432,460
DA:433,460
DA:434,460
DA:437,460
DA:438,0
DA:440,460
DA:442,677
DA:445,1137
DA:447,1137
DA:448,27
DA:451,1137
DA:453,0
DA:454,0
DA:457,1137
DA:459,281
DA:461,281
DA:464,281
DA:466,281
DA:467,281
DA:468,0
DA:471,281
DA:473,281
DA:475,281
DA:477,281
DA:479,281
DA:480,281
DA:481,0
DA:482,0
DA:484,281
DA:488,281
DA:492,1137
DA:493,717
DA:494,262
DA:495,262
DA:497,455
DA:498,164
DA:499,0
DA:502,164
DA:503,291
DA:504,0
DA:505,0
DA:510,1137
DA:513,1
DA:514,2
DA:515,2
DA:517,2
DA:520,2
DA:521,2
DA:524,2
DA:527,1
LF:303
LH:239
BRDA:8,1,0,61
BRDA:8,1,1,43
BRDA:9,2,0,0
BRDA:9,2,1,61
BRDA:11,3,0,59
BRDA:11,3,1,2
BRDA:12,4,0,0
BRDA:12,4,1,59
BRDA:12,5,0,59
BRDA:12,5,1,11
BRDA:12,5,2,2
BRDA:14,6,0,2
BRDA:14,6,1,0
BRDA:14,7,0,2
BRDA:14,7,1,2
BRDA:16,8,0,2
BRDA:16,8,1,0
BRDA:18,9,0,2
BRDA:18,9,1,0
BRDA:23,10,0,0
BRDA:23,10,1,0
BRDA:23,11,0,0
BRDA:23,11,1,0
BRDA:30,12,0,0
BRDA:30,12,1,2
BRDA:33,13,0,0
BRDA:33,13,1,2
BRDA:38,14,0,0
BRDA:38,14,1,0
BRDA:38,15,0,0
BRDA:38,15,1,0
BRDA:41,16,0,0
BRDA:41,16,1,0
BRDA:41,17,0,0
BRDA:41,17,1,0
BRDA:41,17,2,0
BRDA:42,18,0,0
BRDA:42,18,1,0
BRDA:42,19,0,0
BRDA:42,19,1,0
BRDA:55,20,0,0
BRDA:55,20,1,307
BRDA:55,21,0,307
BRDA:55,21,1,195
BRDA:55,21,2,97
BRDA:60,22,0,112
BRDA:60,22,1,195
BRDA:66,23,0,10
BRDA:66,23,1,102
BRDA:67,24,0,110
BRDA:67,24,1,2
BRDA:67,25,0,112
BRDA:67,25,1,110
BRDA:68,26,0,24
BRDA:68,26,1,86
BRDA:68,27,0,110
BRDA:68,27,1,104
BRDA:68,27,2,92
BRDA:68,27,3,87
BRDA:77,28,0,186
BRDA:77,28,1,121
BRDA:79,29,0,101
BRDA:79,29,1,85
BRDA:81,30,0,0
BRDA:81,30,1,186
BRDA:84,31,0,17
BRDA:84,31,1,169
BRDA:89,32,0,0
BRDA:89,32,1,17
BRDA:92,33,0,17
BRDA:92,33,1,0
BRDA:92,34,0,17
BRDA:92,34,1,0
BRDA:96,35,0,50
BRDA:96,35,1,136
BRDA:101,36,0,1
BRDA:101,36,1,49
BRDA:101,37,0,50
BRDA:101,37,1,48
BRDA:105,38,0,1
BRDA:105,38,1,0
BRDA:105,39,0,1
BRDA:105,39,1,0
BRDA:110,40,0,29
BRDA:110,40,1,157
BRDA:113,41,0,184
BRDA:113,41,1,197
BRDA:113,42,0,381
BRDA:113,42,1,381
BRDA:113,42,2,381
BRDA:117,43,0,146
BRDA:117,43,1,161
BRDA:117,44,0,307
BRDA:117,44,1,277
BRDA:118,45,0,28
BRDA:118,45,1,118
BRDA:118,46,0,146
BRDA:118,46,1,28
BRDA:125,47,0,48
BRDA:125,47,1,18
BRDA:133,48,0,98
BRDA:133,48,1,206
BRDA:133,49,0,304
BRDA:133,49,1,98
BRDA:135,50,0,17
BRDA:135,50,1,81
BRDA:135,51,0,98
BRDA:135,51,1,77
BRDA:135,51,2,74
BRDA:135,51,3,17
BRDA:137,52,0,21
BRDA:137,52,1,60
BRDA:139,53,0,60
BRDA:139,53,1,0
BRDA:149,54,0,21
BRDA:149,54,1,0
BRDA:152,55,0,61
BRDA:152,55,1,0
BRDA:171,56,0,257
BRDA:171,56,1,1474
BRDA:173,57,0,191
BRDA:173,57,1,66
BRDA:176,58,0,48
BRDA:176,58,1,18
BRDA:186,59,0,0
BRDA:186,59,1,1474
BRDA:188,60,0,104
BRDA:188,60,1,1370
BRDA:190,61,0,78
BRDA:190,61,1,26
BRDA:191,62,0,54
BRDA:191,62,1,24
BRDA:199,63,0,47
BRDA:199,63,1,57
BRDA:199,64,0,104
BRDA:199,64,1,50
BRDA:204,65,0,7
BRDA:204,65,1,50
BRDA:204,66,0,57
BRDA:204,66,1,37
BRDA:204,66,2,7
BRDA:223,67,0,117
BRDA:223,67,1,1357
BRDA:227,68,0,0
BRDA:227,68,1,117
BRDA:227,69,0,117
BRDA:227,69,1,117
BRDA:232,70,0,33
BRDA:232,70,1,84
BRDA:236,71,0,33
BRDA:236,71,1,84
BRDA:240,72,0,33
BRDA:240,72,1,84
BRDA:246,73,0,11
BRDA:246,73,1,235
BRDA:251,74,0,235
BRDA:251,74,1,0
BRDA:254,75,0,3
BRDA:254,75,1,232
BRDA:256,76,0,2
BRDA:256,76,1,1
BRDA:259,77,0,47
BRDA:259,77,1,188
BRDA:261,78,0,24
BRDA:261,78,1,23
BRDA:262,79,0,18
BRDA:262,79,1,5
BRDA:269,80,0,50
BRDA:269,80,1,185
BRDA:270,81,0,49
BRDA:270,81,1,1
BRDA:276,82,0,217
BRDA:276,82,1,18
BRDA:278,83,0,191
BRDA:278,83,1,26
BRDA:291,84,0,246
BRDA:291,84,1,1228
BRDA:295,85,0,4
BRDA:295,85,1,1224
BRDA:299,86,0,0
BRDA:299,86,1,1224
BRDA:299,87,0,1224
BRDA:299,87,1,1224
BRDA:306,88,0,2734
BRDA:306,88,1,0
BRDA:307,89,0,371
BRDA:307,89,1,2363
BRDA:309,90,0,0
BRDA:309,90,1,0
BRDA:319,91,0,296
BRDA:319,91,1,266
BRDA:320,92,0,0
BRDA:320,92,1,296
BRDA:321,93,0,117
BRDA:321,93,1,179
BRDA:321,94,0,296
BRDA:321,94,1,206
BRDA:321,94,2,206
BRDA:324,95,0,0
BRDA:324,95,1,266
BRDA:333,96,0,0
BRDA:333,96,1,1137
BRDA:336,97,0,0
BRDA:336,97,1,0
BRDA:342,98,0,0
BRDA:342,98,1,0
BRDA:351,99,0,0
BRDA:351,99,1,1137
BRDA:356,100,0,569
BRDA:356,100,1,568
BRDA:361,101,0,0
BRDA:361,101,1,568
BRDA:371,102,0,0
BRDA:371,102,1,1137
BRDA:374,103,0,677
BRDA:374,103,1,460
BRDA:376,104,0,0
BRDA:376,104,1,1137
BRDA:380,105,0,0
BRDA:380,105,1,1137
BRDA:386,106,0,0
BRDA:386,106,1,1137
BRDA:387,107,0,0
BRDA:387,107,1,0
BRDA:387,108,0,0
BRDA:387,108,1,0
BRDA:387,108,2,0
BRDA:395,109,0,0
BRDA:395,109,1,1137
BRDA:396,110,0,0
BRDA:396,110,1,0
BRDA:397,111,0,0
BRDA:397,111,1,0
BRDA:398,112,0,0
BRDA:398,112,1,0
BRDA:401,113,0,0
BRDA:401,113,1,1137
BRDA:405,114,0,0
BRDA:405,114,1,1137
BRDA:408,115,0,87
BRDA:408,115,1,1050
BRDA:410,116,0,0
BRDA:410,116,1,87
BRDA:416,117,0,281
BRDA:416,117,1,856
BRDA:416,118,0,1137
BRDA:416,118,1,567
BRDA:416,118,2,567
BRDA:416,118,3,567
BRDA:423,119,0,460
BRDA:423,119,1,677
BRDA:427,120,0,0
BRDA:427,120,1,460
BRDA:437,121,0,0
BRDA:437,121,1,460
BRDA:437,122,0,460
BRDA:437,122,1,460
BRDA:445,123,0,0
BRDA:445,123,1,1137
BRDA:445,124,0,1137
BRDA:445,124,1,1137
BRDA:447,125,0,27
BRDA:447,125,1,1110
BRDA:457,126,0,281
BRDA:457,126,1,856
BRDA:457,127,0,1137
BRDA:457,127,1,567
BRDA:457,127,2,567
BRDA:457,127,3,567
BRDA:457,127,4,567
BRDA:461,128,0,179
BRDA:461,128,1,102
BRDA:464,129,0,0
BRDA:464,129,1,281
BRDA:467,130,0,0
BRDA:467,130,1,281
BRDA:467,131,0,281
BRDA:467,131,1,281
BRDA:467,131,2,281
BRDA:475,132,0,0
BRDA:475,132,1,281
BRDA:475,133,0,281
BRDA:475,133,1,0
BRDA:479,134,0,281
BRDA:479,134,1,0
BRDA:480,135,0,0
BRDA:480,135,1,281
BRDA:492,136,0,717
BRDA:492,136,1,420
BRDA:493,137,0,262
BRDA:493,137,1,455
BRDA:493,138,0,717
BRDA:493,138,1,455
BRDA:493,138,2,0
BRDA:494,139,0,0
BRDA:494,139,1,262
BRDA:497,140,0,164
BRDA:497,140,1,291
BRDA:498,141,0,0
BRDA:498,141,1,164
BRDA:498,142,0,164
BRDA:498,142,1,0
BRDA:503,143,0,0
BRDA:503,143,1,291
BRDA:520,144,0,2
BRDA:520,144,1,0
BRF:306
BRH:222
end_of_record
TN:
SF:src/js/converter/parser.js
FN:12,(anonymous_1)
FN:27,(anonymous_2)
FN:31,(anonymous_3)
FN:66,(anonymous_4)
FN:75,(anonymous_5)
FN:108,(anonymous_6)
FN:119,(anonymous_7)
FN:152,(anonymous_8)
FN:163,(anonymous_9)
FN:167,(anonymous_10)
FN:171,(anonymous_11)
FN:175,(anonymous_12)
FN:304,(anonymous_13)
FN:312,(anonymous_14)
FN:328,(anonymous_15)
FN:384,conditional_replace
FN:385,(anonymous_17)
FN:401,(anonymous_18)
FN:403,(anonymous_19)
FN:410,(anonymous_20)
FN:420,(anonymous_21)
FN:432,(anonymous_22)
FN:457,(anonymous_23)
FNF:23
FNH:21
FNDA:70,(anonymous_1)
FNDA:1,(anonymous_2)
FNDA:244,(anonymous_3)
FNDA:90,(anonymous_4)
FNDA:19,(anonymous_5)
FNDA:0,(anonymous_6)
FNDA:4,(anonymous_7)
FNDA:22,(anonymous_8)
FNDA:225,(anonymous_9)
FNDA:1,(anonymous_10)
FNDA:70,(anonymous_11)
FNDA:27,(anonymous_12)
FNDA:0,(anonymous_13)
FNDA:2,(anonymous_14)
FNDA:54,(anonymous_15)
FNDA:2,conditional_replace
FNDA:82,(anonymous_17)
FNDA:2,(anonymous_18)
FNDA:234,(anonymous_19)
FNDA:19,(anonymous_20)
FNDA:281,(anonymous_21)
FNDA:2,(anonymous_22)
FNDA:15,(anonymous_23)
DA:4,1
DA:5,1
DA:6,1
DA:7,1
DA:8,1
DA:9,1
DA:10,1
DA:12,1
DA:13,70
DA:15,70
DA:16,70
DA:17,70
DA:18,70
DA:19,70
DA:21,0
DA:22,0
DA:27,1
DA:28,1
DA:31,1
DA:32,244
DA:33,244
DA:34,244
DA:35,244
DA:42,244
DA:44,244
DA:47,244
DA:48,59
DA:54,185
DA:57,244
DA:58,241
DA:59,209
DA:60,32
DA:66,1
DA:67,90
DA:68,90
DA:69,90
DA:70,90
DA:75,1
DA:77,19
DA:79,19
DA:80,19
DA:82,19
DA:83,17
DA:84,17
DA:85,2
DA:86,2
DA:88,0
DA:94,19
DA:96,19
DA:99,19
DA:100,19
DA:102,76
DA:103,76
DA:106,19
DA:107,19
DA:108,19
DA:109,0
DA:110,0
DA:111,0
DA:114,19
DA:116,19
DA:117,19
DA:119,19
DA:120,4
DA:122,4
DA:123,4
DA:124,4
DA:126,4
DA:127,4
DA:128,3
DA:129,3
DA:131,3
DA:134,1
DA:139,19
DA:142,19
DA:143,19
DA:144,76
DA:145,76
DA:146,0
DA:147,0
DA:152,19
DA:153,22
DA:154,22
DA:155,22
DA:156,22
DA:157,8
DA:158,22
DA:159,22
DA:160,22
DA:163,19
DA:164,225
DA:167,19
DA:168,1
DA:171,19
DA:172,70
DA:175,19
DA:176,27
DA:179,27
DA:183,27
DA:184,27
DA:185,27
DA:186,8
DA:187,8
DA:189,19
DA:191,27
DA:193,27
DA:196,27
DA:197,27
DA:198,27
DA:200,27
DA:201,27
DA:204,27
DA:205,27
DA:208,27
DA:210,27
DA:211,10
DA:212,10
DA:213,10
DA:214,10
DA:216,17
DA:217,17
DA:218,17
DA:219,17
DA:221,27
DA:223,0
DA:224,0
DA:225,0
DA:226,0
DA:227,0
DA:229,0
DA:230,0
DA:232,0
DA:234,0
DA:237,0
DA:238,0
DA:239,0
DA:240,0
DA:242,0
DA:244,0
DA:246,0
DA:247,0
DA:248,0
DA:250,0
DA:253,0
DA:254,0
DA:255,0
DA:256,0
DA:257,0
DA:258,0
DA:259,0
DA:261,0
DA:262,0
DA:263,0
DA:265,0
DA:266,0
DA:267,0
DA:268,0
DA:269,0
DA:271,0
DA:272,0
DA:275,0
DA:277,0
DA:278,0
DA:281,0
DA:282,0
DA:283,0
DA:284,0
DA:286,0
DA:288,0
DA:289,0
DA:290,0
DA:291,0
DA:292,0
DA:293,0
DA:294,0
DA:295,0
DA:297,0
DA:298,0
DA:304,19
DA:305,0
DA:306,0
DA:307,0
DA:308,0
DA:309,0
DA:312,19
DA:313,2
DA:315,2
DA:317,2
DA:320,2
DA:321,2
DA:322,2
DA:328,19
DA:329,54
DA:330,54
DA:331,0
DA:334,54
DA:349,54
DA:351,54
DA:353,54
DA:355,12
DA:356,12
DA:357,12
DA:358,12
DA:359,12
DA:362,42
DA:363,42
DA:364,42
DA:365,42
DA:366,42
DA:371,19
DA:373,19
DA:375,19
DA:378,0
DA:379,0
DA:384,1
DA:385,2
DA:386,82
DA:387,82
DA:390,82
DA:391,82
DA:392,82
DA:395,82
DA:396,82
DA:401,1
DA:402,2
DA:403,2
DA:404,234
DA:406,2
DA:407,2
DA:409,2
DA:410,2
DA:411,19
DA:420,2
DA:421,281
DA:422,281
DA:423,281
DA:424,244
DA:425,244
DA:426,244
DA:430,2
DA:431,2
DA:432,2
DA:433,2
DA:435,2
DA:436,2
DA:438,2
DA:439,2
DA:441,2
DA:446,2
DA:448,2
DA:450,2
DA:453,2
DA:455,2
DA:457,2
DA:458,15
DA:461,2
DA:462,2
DA:463,2
DA:464,2
DA:466,2
DA:468,2
DA:471,2
DA:477,2
DA:478,1
DA:481,2
DA:485,1
LF:266
LH:196
BRDA:35,1,0,17
BRDA:35,1,1,227
BRDA:47,2,0,59
BRDA:47,2,1,185
BRDA:57,3,0,241
BRDA:57,3,1,3
BRDA:58,4,0,209
BRDA:58,4,1,32
BRDA:69,5,0,90
BRDA:69,5,1,0
BRDA:82,6,0,17
BRDA:82,6,1,2
BRDA:85,7,0,2
BRDA:85,7,1,0
BRDA:107,8,0,19
BRDA:107,8,1,0
BRDA:109,9,0,0
BRDA:109,9,1,0
BRDA:117,10,0,17
BRDA:117,10,1,2
BRDA:126,11,0,4
BRDA:126,11,1,0
BRDA:127,12,0,3
BRDA:127,12,1,1
BRDA:145,13,0,0
BRDA:145,13,1,76
BRDA:155,14,0,8
BRDA:155,14,1,14
BRDA:155,15,0,22
BRDA:155,15,1,22
BRDA:156,16,0,14
BRDA:156,16,1,8
BRDA:185,17,0,8
BRDA:185,17,1,19
BRDA:193,18,0,27
BRDA:193,18,1,0
BRDA:200,19,0,27
BRDA:200,19,1,0
BRDA:204,20,0,27
BRDA:204,20,1,0
BRDA:210,21,0,10
BRDA:210,21,1,17
BRDA:217,22,0,15
BRDA:217,22,1,2
BRDA:224,23,0,0
BRDA:224,23,1,0
BRDA:225,24,0,0
BRDA:225,24,1,0
BRDA:230,25,0,0
BRDA:230,25,1,0
BRDA:237,26,0,0
BRDA:237,26,1,0
BRDA:238,27,0,0
BRDA:238,27,1,0
BRDA:239,28,0,0
BRDA:239,28,1,0
BRDA:240,29,0,0
BRDA:240,29,1,0
BRDA:247,30,0,0
BRDA:247,30,1,0
BRDA:254,31,0,0
BRDA:254,31,1,0
BRDA:254,32,0,0
BRDA:254,32,1,0
BRDA:256,33,0,0
BRDA:256,33,1,0
BRDA:258,34,0,0
BRDA:258,34,1,0
BRDA:262,35,0,0
BRDA:262,35,1,0
BRDA:263,36,0,0
BRDA:263,36,1,0
BRDA:271,37,0,0
BRDA:271,37,1,0
BRDA:275,38,0,0
BRDA:275,38,1,0
BRDA:275,39,0,0
BRDA:275,39,1,0
BRDA:283,40,0,0
BRDA:283,40,1,0
BRDA:289,41,0,0
BRDA:289,41,1,0
BRDA:290,42,0,0
BRDA:290,42,1,0
BRDA:291,43,0,0
BRDA:291,43,1,0
BRDA:292,44,0,0
BRDA:292,44,1,0
BRDA:293,45,0,0
BRDA:293,45,1,0
BRDA:294,46,0,0
BRDA:294,46,1,0
BRDA:297,47,0,0
BRDA:297,47,1,0
BRDA:308,48,0,0
BRDA:308,48,1,0
BRDA:330,49,0,0
BRDA:330,49,1,54
BRDA:330,50,0,54
BRDA:330,50,1,54
BRDA:330,50,2,54
BRDA:353,51,0,12
BRDA:353,51,1,42
BRDA:353,52,0,54
BRDA:353,52,1,41
BRDA:353,52,2,35
BRDA:421,53,0,1
BRDA:421,53,1,280
BRDA:422,54,0,1
BRDA:422,54,1,280
BRDA:423,55,0,37
BRDA:423,55,1,244
BRDA:423,56,0,281
BRDA:423,56,1,244
BRDA:424,57,0,244
BRDA:424,57,1,0
BRDA:424,58,0,244
BRDA:424,58,1,244
BRDA:426,59,0,0
BRDA:426,59,1,244
BRDA:462,60,0,2
BRDA:462,60,1,0
BRDA:477,61,0,1
BRDA:477,61,1,1
BRF:124
BRH:58
end_of_record
